Unity Editor version:    2020.3.17f1 (a4537701e4ab)
Branch:                  2020.3/staging
Build type:              Release
Batch mode:              YES
macOS version:           Version 10.15.7 (Build 19H2)
Darwin version:          19.6.0
Architecture:            x86_64
Running under Rosetta:   NO
Available memory:        16384 MB
Using pre-set license
Pro License: NO

COMMAND LINE ARGUMENTS:
/Applications/Unity/Hub/Editor/2020.3.17f1/Unity.app/Contents/MacOS/Unity
-adb2
-batchMode
-noUpm
-name
AssetImportWorker0
-projectPath
/Users/apple/Desktop/Material_lab/New Unity Project
-logFile
Logs/AssetImportWorker0.log
-srvPort
51844
Successfully changed project path to: /Users/apple/Desktop/Material_lab/New Unity Project
/Users/apple/Desktop/Material_lab/New Unity Project
Using Asset Import Pipeline V2.
Refreshing native plugins compatible for Editor in 63.19 ms, found 2 plugins.
Preloading 0 native plugins for Editor in 0.00 ms.
Initialize engine version: 2020.3.17f1 (a4537701e4ab)
[Subsystems] Discovering subsystems at path /Applications/Unity/Hub/Editor/2020.3.17f1/Unity.app/Contents/Resources/UnitySubsystems
[Subsystems] Discovering subsystems at path /Users/apple/Desktop/Material_lab/New Unity Project/Assets
GfxDevice: creating device client; threaded=0
2021-09-13 20:03:01.393 Unity[46068:333735] Color LCD preferred device: AMD Radeon Pro 5300M (high power)
2021-09-13 20:03:01.393 Unity[46068:333735] Metal devices available: 2
2021-09-13 20:03:01.393 Unity[46068:333735] 0: AMD Radeon Pro 5300M (high power)
2021-09-13 20:03:01.393 Unity[46068:333735] 1: Intel(R) UHD Graphics 630 (low power)
2021-09-13 20:03:01.394 Unity[46068:333735] Using device AMD Radeon Pro 5300M (high power)
Initializing Metal device caps: AMD Radeon Pro 5300M
Initialize mono
Mono path[0] = '/Applications/Unity/Hub/Editor/2020.3.17f1/Unity.app/Contents/Managed'
Mono path[1] = '/Applications/Unity/Hub/Editor/2020.3.17f1/Unity.app/Contents/MonoBleedingEdge/lib/mono/unityjit'
Mono config path = '/Applications/Unity/Hub/Editor/2020.3.17f1/Unity.app/Contents/MonoBleedingEdge/etc'
Using monoOptions --debugger-agent=transport=dt_socket,embedding=1,server=y,suspend=n,address=127.0.0.1:56068
Begin MonoManager ReloadAssembly
Registering precompiled unity dll's ...
Register platform support module: /Applications/Unity/Hub/Editor/2020.3.17f1/Unity.app/Contents/PlaybackEngines/MacStandaloneSupport/UnityEditor.OSXStandalone.Extensions.dll
Registered in 0.000490 seconds.
Native extension for OSXStandalone target not found
Refreshing native plugins compatible for Editor in 53.28 ms, found 2 plugins.
Preloading 0 native plugins for Editor in 0.00 ms.
Mono: successfully reloaded assembly
- Completed reload, in  2.269 seconds
Domain Reload Profiling:
	ReloadAssembly (2270ms)
		BeginReloadAssembly (55ms)
			ExecutionOrderSort (0ms)
			DisableScriptedObjects (0ms)
			BackupInstance (0ms)
			ReleaseScriptingObjects (0ms)
			CreateAndSetChildDomain (1ms)
		EndReloadAssembly (501ms)
			LoadAssemblies (54ms)
			RebuildTransferFunctionScriptingTraits (0ms)
			SetupTypeCache (192ms)
			ReleaseScriptCaches (0ms)
			RebuildScriptCaches (43ms)
			SetupLoadedEditorAssemblies (212ms)
				LogAssemblyErrors (0ms)
				InitializePlatformSupportModulesInManaged (4ms)
				SetLoadedEditorAssemblies (0ms)
				RefreshPlugins (53ms)
				BeforeProcessingInitializeOnLoad (28ms)
				ProcessInitializeOnLoadAttributes (95ms)
				ProcessInitializeOnLoadMethodAttributes (31ms)
				AfterProcessingInitializeOnLoad (0ms)
				EditorAssembliesLoaded (0ms)
			ExecutionOrderSort2 (0ms)
			AwakeInstancesAfterBackupRestoration (0ms)
Platform modules already initialized, skipping
Registering precompiled user dll's ...
Registered in 0.003421 seconds.
Begin MonoManager ReloadAssembly
Native extension for OSXStandalone target not found
Refreshing native plugins compatible for Editor in 46.98 ms, found 2 plugins.
Preloading 0 native plugins for Editor in 0.00 ms.
Mono: successfully reloaded assembly
- Completed reload, in  1.329 seconds
Domain Reload Profiling:
	ReloadAssembly (1330ms)
		BeginReloadAssembly (165ms)
			ExecutionOrderSort (0ms)
			DisableScriptedObjects (5ms)
			BackupInstance (0ms)
			ReleaseScriptingObjects (0ms)
			CreateAndSetChildDomain (32ms)
		EndReloadAssembly (1098ms)
			LoadAssemblies (84ms)
			RebuildTransferFunctionScriptingTraits (0ms)
			SetupTypeCache (375ms)
			ReleaseScriptCaches (1ms)
			RebuildScriptCaches (64ms)
			SetupLoadedEditorAssemblies (452ms)
				LogAssemblyErrors (0ms)
				InitializePlatformSupportModulesInManaged (4ms)
				SetLoadedEditorAssemblies (0ms)
				RefreshPlugins (47ms)
				BeforeProcessingInitializeOnLoad (91ms)
				ProcessInitializeOnLoadAttributes (304ms)
				ProcessInitializeOnLoadMethodAttributes (5ms)
				AfterProcessingInitializeOnLoad (1ms)
				EditorAssembliesLoaded (0ms)
			ExecutionOrderSort2 (0ms)
			AwakeInstancesAfterBackupRestoration (7ms)
Platform modules already initialized, skipping
Validating Project structure ... 0.000438 seconds.
Shader import version has changed; will reimport all shaders...
Upgrading shader files ...0.000588 seconds.
Application.AssetDatabase Initial Script Refresh Start
RefreshInfo: InitialScriptRefreshV2(NoUpdateAssetOptions) scanfilter:  ... 1 filters
RefreshProfiler: Total: 0.000ms
Application.AssetDatabase Initial Script Refresh End
Application.AssetDatabase.Refresh Start
Application.AssetDatabase.Refresh End
RefreshInfo: StopAssetImportingV2(ForceSynchronousImport) scanfilter: 
RefreshProfiler: Total: 0.000ms
Launching external process: /Applications/Unity/Hub/Editor/2020.3.17f1/Unity.app/Contents/Tools/UnityShaderCompiler
Launched and connected shader compiler UnityShaderCompiler after 0.01 seconds
Initializing Unity extensions:
========================================================================
Worker process is ready to serve import requests
Refreshing native plugins compatible for Editor in 0.49 ms, found 2 plugins.
Preloading 0 native plugins for Editor in 0.00 ms.
Unloading 3014 Unused Serialized files (Serialized files now loaded: 0)
System memory in use before: 247.1 MB.
System memory in use after: 246.3 MB.

Unloading 128 unused Assets to reduce memory usage. Loaded Objects now: 3485.
Total: 4.150377 ms (FindLiveObjects: 0.315953 ms CreateObjectMapping: 0.138521 ms MarkObjects: 3.116149 ms  DeleteObjects: 0.578564 ms)

AssetImportParameters requested are different than current active one (requested -> active):
  custom:video-decoder-ogg-theora: a1e56fd34408186e4bbccfd4996cb3dc -> 
  custom:container-muxer-webm: aa71ff27fc2769a1b78a27578f13a17b -> 
  custom:container-demuxer-webm: 4f35f7cbe854078d1ac9338744f61a02 -> 
  custom:container-demuxer-ogg: 62fdf1f143b41e24485cea50d1cbac27 -> 
  custom:video-encoder-webm-vp8: eb34c28f22e8b96e1ab97ce403110664 -> 
  custom:framework-osx-AVFoundation: b23960f63f64bdc6ff669e2cdcee2391 -> 
  custom:video-decoder-webm-vp8: 9c59270c3fd7afecdb556c50c9e8de78 -> 
  custom:audio-decoder-ogg-vorbis: bf7c407c2cedff20999df2af8eb42d56 -> 
  custom:audio-encoder-webm-vorbis: bf7c407c2cedff20999df2af8eb42d56 -> 
========================================================================
Received Import Request.
  path: Assets/Samples/ProBuilder/4.5.2/Universal Render Pipeline Support
  artifactKey: Guid(27576c4393fda4ac89721db5d0996d02) Importer(815301076,1909f56bfc062723c751e8b465ee728b)
Start importing Assets/Samples/ProBuilder/4.5.2/Universal Render Pipeline Support using Guid(27576c4393fda4ac89721db5d0996d02) Importer(815301076,1909f56bfc062723c751e8b465ee728b)  -> (artifact id: '319b62c89638193a4d6aadbddd7b0907') in 0.006102 seconds 
  Import took 0.010539 seconds .

========================================================================
Received Import Request.
  Time since last request: 25.786481 seconds.
  path: Assets/UniversalRenderPipelineAsset.asset
  artifactKey: Guid(bbe41f3858ca741c0ae60622bfe5aba4) Importer(815301076,1909f56bfc062723c751e8b465ee728b)
Start importing Assets/UniversalRenderPipelineAsset.asset using Guid(bbe41f3858ca741c0ae60622bfe5aba4) Importer(815301076,1909f56bfc062723c751e8b465ee728b)  -> (artifact id: '018a0b7bdeaf42425d920fb0a61b8b60') in 0.270392 seconds 
  Import took 0.276103 seconds .

========================================================================
Received Import Request.
  Time since last request: 0.004148 seconds.
  path: Assets/UniversalRenderPipelineAsset_Renderer.asset
  artifactKey: Guid(47b42196e9ee140fe8b2fe0cf43dbad6) Importer(815301076,1909f56bfc062723c751e8b465ee728b)
Start importing Assets/UniversalRenderPipelineAsset_Renderer.asset using Guid(47b42196e9ee140fe8b2fe0cf43dbad6) Importer(815301076,1909f56bfc062723c751e8b465ee728b)  -> (artifact id: '06f0b82200c582bccfc99b2ff03e0f58') in 0.019218 seconds 
  Import took 0.024690 seconds .

========================================================================
Received Import Request.
  Time since last request: 0.000356 seconds.
  path: Assets/UniversalRenderPipelineAsset_Renderer.asset
  artifactKey: Guid(47b42196e9ee140fe8b2fe0cf43dbad6) Importer(815301076,1909f56bfc062723c751e8b465ee728b)
Start importing Assets/UniversalRenderPipelineAsset_Renderer.asset using Guid(47b42196e9ee140fe8b2fe0cf43dbad6) Importer(815301076,1909f56bfc062723c751e8b465ee728b)  -> (artifact id: '06f0b82200c582bccfc99b2ff03e0f58') in 0.020009 seconds 
  Import took 0.024876 seconds .

========================================================================
Received Import Request.
  Time since last request: 1731.234312 seconds.
  path: Assets/Materials/Default.mat
  artifactKey: Guid(088ffe98583bcc94589a8d5febc4551b) Importer(815301076,1909f56bfc062723c751e8b465ee728b)
Start importing Assets/Materials/Default.mat using Guid(088ffe98583bcc94589a8d5febc4551b) Importer(815301076,1909f56bfc062723c751e8b465ee728b)  -> (artifact id: 'c9bc75734d4a005ca18f4253fc6fee52') in 0.304369 seconds 
  Import took 0.324746 seconds .

========================================================================
Received Import Request.
  Time since last request: 0.002472 seconds.
  path: Assets/Materials/Skybox_Mat.mat
  artifactKey: Guid(0ffaa0b7117ba8c47a9d05ae701d4b4d) Importer(815301076,1909f56bfc062723c751e8b465ee728b)
Start importing Assets/Materials/Skybox_Mat.mat using Guid(0ffaa0b7117ba8c47a9d05ae701d4b4d) Importer(815301076,1909f56bfc062723c751e8b465ee728b)  -> (artifact id: '7ee6f73e101f57bc68259e846f959f0e') in 0.120725 seconds 
  Import took 0.125139 seconds .

========================================================================
Received Prepare
Switching render pipeline 00000000000000000000000000000000 -> bbe41f3858ca741c0ae60622bfe5aba4
Refreshing native plugins compatible for Editor in 9.83 ms, found 2 plugins.
Preloading 0 native plugins for Editor in 0.00 ms.
Unloading 63 Unused Serialized files (Serialized files now loaded: 0)
System memory in use before: 195.5 MB.
System memory in use after: 195.7 MB.

Unloading 15 unused Assets to reduce memory usage. Loaded Objects now: 3572.
Total: 8.864982 ms (FindLiveObjects: 0.284937 ms CreateObjectMapping: 0.135294 ms MarkObjects: 8.371890 ms  DeleteObjects: 0.072166 ms)

AssetImportParameters requested are different than current active one (requested -> active):
  custom:video-decoder-ogg-theora: a1e56fd34408186e4bbccfd4996cb3dc -> 
  custom:container-muxer-webm: aa71ff27fc2769a1b78a27578f13a17b -> 
  custom:container-demuxer-webm: 4f35f7cbe854078d1ac9338744f61a02 -> 
  custom:container-demuxer-ogg: 62fdf1f143b41e24485cea50d1cbac27 -> 
  custom:video-encoder-webm-vp8: eb34c28f22e8b96e1ab97ce403110664 -> 
  custom:framework-osx-AVFoundation: b23960f63f64bdc6ff669e2cdcee2391 -> 
  custom:video-decoder-webm-vp8: 9c59270c3fd7afecdb556c50c9e8de78 -> 
  custom:audio-decoder-ogg-vorbis: bf7c407c2cedff20999df2af8eb42d56 -> 
  custom:audio-encoder-webm-vorbis: bf7c407c2cedff20999df2af8eb42d56 -> 
========================================================================
Received Import Request.
  Time since last request: 1401.597415 seconds.
  path: Assets/UniversalRenderPipelineAsset.asset
  artifactKey: Guid(bbe41f3858ca741c0ae60622bfe5aba4) Importer(815301076,1909f56bfc062723c751e8b465ee728b)
Start importing Assets/UniversalRenderPipelineAsset.asset using Guid(bbe41f3858ca741c0ae60622bfe5aba4) Importer(815301076,1909f56bfc062723c751e8b465ee728b)  -> (artifact id: '84f1854e1d4efcc312996415c40f74cc') in 0.002459 seconds 
  Import took 0.008178 seconds .

========================================================================
Received Import Request.
  Time since last request: 0.000258 seconds.
  path: Assets/UniversalRenderPipelineAsset_Renderer.asset
  artifactKey: Guid(47b42196e9ee140fe8b2fe0cf43dbad6) Importer(815301076,1909f56bfc062723c751e8b465ee728b)
Start importing Assets/UniversalRenderPipelineAsset_Renderer.asset using Guid(47b42196e9ee140fe8b2fe0cf43dbad6) Importer(815301076,1909f56bfc062723c751e8b465ee728b)  -> (artifact id: '7a67bb31ba1447c5056cc403041075ae') in 0.004658 seconds 
  Import took 0.009711 seconds .

========================================================================
Received Import Request.
  Time since last request: 9.067920 seconds.
  path: Assets/Materials/Special
  artifactKey: Guid(5aee9811c41bbc34c8062020d09a326a) Importer(815301076,1909f56bfc062723c751e8b465ee728b)
Start importing Assets/Materials/Special using Guid(5aee9811c41bbc34c8062020d09a326a) Importer(815301076,1909f56bfc062723c751e8b465ee728b)  -> (artifact id: 'e82581e306707caa4b6cbe337037ceb1') in 0.001024 seconds 
  Import took 0.006312 seconds .

========================================================================
Received Import Request.
  Time since last request: 0.001038 seconds.
  path: Assets/Materials/Special
  artifactKey: Guid(5aee9811c41bbc34c8062020d09a326a) Importer(815301076,1909f56bfc062723c751e8b465ee728b)
Start importing Assets/Materials/Special using Guid(5aee9811c41bbc34c8062020d09a326a) Importer(815301076,1909f56bfc062723c751e8b465ee728b)  -> (artifact id: 'e82581e306707caa4b6cbe337037ceb1') in 0.000847 seconds 
  Import took 0.006112 seconds .

========================================================================
Received Import Request.
  Time since last request: 43.786069 seconds.
  path: Assets/Materials
  artifactKey: Guid(d0234ba368eeec9418390da711bfdad0) Importer(815301076,1909f56bfc062723c751e8b465ee728b)
Start importing Assets/Materials using Guid(d0234ba368eeec9418390da711bfdad0) Importer(815301076,1909f56bfc062723c751e8b465ee728b)  -> (artifact id: 'dd1fccef896d48891410691dfde716e5') in 0.000930 seconds 
  Import took 0.005968 seconds .

========================================================================
Received Import Request.
  Time since last request: 0.003081 seconds.
  path: Assets/Materials/New Flare.flare
  artifactKey: Guid(8ba6eaa3ed72a48699d87da206ab57cb) Importer(815301076,1909f56bfc062723c751e8b465ee728b)
Start importing Assets/Materials/New Flare.flare using Guid(8ba6eaa3ed72a48699d87da206ab57cb) Importer(815301076,1909f56bfc062723c751e8b465ee728b)  -> (artifact id: '417cb715b386082db1c170e2ed9f5918') in 0.140905 seconds 
  Import took 0.145747 seconds .

========================================================================
Received Import Request.
  Time since last request: 27.886361 seconds.
  path: Assets/Materials/Default.mat
  artifactKey: Guid(088ffe98583bcc94589a8d5febc4551b) Importer(815301076,1909f56bfc062723c751e8b465ee728b)
Start importing Assets/Materials/Default.mat using Guid(088ffe98583bcc94589a8d5febc4551b) Importer(815301076,1909f56bfc062723c751e8b465ee728b)  -> (artifact id: '6efd4acd1d3a378c138e2e37f3ff3c91') in 0.176961 seconds 
  Import took 0.182035 seconds .

========================================================================
Received Import Request.
  Time since last request: 0.000202 seconds.
  path: Assets/Materials/New Material.mat
  artifactKey: Guid(d7411eaf252a0492cb03fa34a1bccc80) Importer(815301076,1909f56bfc062723c751e8b465ee728b)
Start importing Assets/Materials/New Material.mat using Guid(d7411eaf252a0492cb03fa34a1bccc80) Importer(815301076,1909f56bfc062723c751e8b465ee728b)  -> (artifact id: '092cb178652ecf0bf460a0e93a4b28d5') in 0.026388 seconds 
  Import took 0.031729 seconds .

========================================================================
Received Import Request.
  Time since last request: 101.169606 seconds.
  path: Assets/Materials/Realistic
  artifactKey: Guid(2a0a39e2dbdb5174ea7ac7ed705a3b3b) Importer(815301076,1909f56bfc062723c751e8b465ee728b)
Start importing Assets/Materials/Realistic using Guid(2a0a39e2dbdb5174ea7ac7ed705a3b3b) Importer(815301076,1909f56bfc062723c751e8b465ee728b)  -> (artifact id: '9f4f716149dc8f5b3eeb057bb986b176') in 0.001102 seconds 
  Import took 0.006436 seconds .

========================================================================
Received Import Request.
  Time since last request: 0.000996 seconds.
  path: Assets/Materials/Realistic
  artifactKey: Guid(2a0a39e2dbdb5174ea7ac7ed705a3b3b) Importer(815301076,1909f56bfc062723c751e8b465ee728b)
Start importing Assets/Materials/Realistic using Guid(2a0a39e2dbdb5174ea7ac7ed705a3b3b) Importer(815301076,1909f56bfc062723c751e8b465ee728b)  -> (artifact id: '9f4f716149dc8f5b3eeb057bb986b176') in 0.000862 seconds 
  Import took 0.006079 seconds .

========================================================================
Received Import Request.
  Time since last request: 6.472941 seconds.
  path: Assets/Materials/Realistic/Asphalt
  artifactKey: Guid(1e531e3eb11eac546a9d58de4b2bcfff) Importer(815301076,1909f56bfc062723c751e8b465ee728b)
Start importing Assets/Materials/Realistic/Asphalt using Guid(1e531e3eb11eac546a9d58de4b2bcfff) Importer(815301076,1909f56bfc062723c751e8b465ee728b)  -> (artifact id: 'b0688594ba44454d06e39ce089772f09') in 0.001060 seconds 
  Import took 0.006172 seconds .

========================================================================
Received Import Request.
  Time since last request: 0.035633 seconds.
  path: Assets/Materials/Realistic/Asphalt/AsphaltDiffuse.png
  artifactKey: Guid(b5fe11297e3bad249bef8c4b29342f06) Importer(815301076,1909f56bfc062723c751e8b465ee728b)
Start importing Assets/Materials/Realistic/Asphalt/AsphaltDiffuse.png using Guid(b5fe11297e3bad249bef8c4b29342f06) Importer(815301076,1909f56bfc062723c751e8b465ee728b)  -> (artifact id: 'b0293c727703163a3dd9ac1656b99362') in 0.437515 seconds 
  Import took 0.444457 seconds .

========================================================================
Received Import Request.
  Time since last request: 0.003991 seconds.
  path: Assets/Materials/Realistic/Asphalt/AsphaltNormalMap.png
  artifactKey: Guid(a526bdffa4f29bc418554f3667339141) Importer(815301076,1909f56bfc062723c751e8b465ee728b)
Start importing Assets/Materials/Realistic/Asphalt/AsphaltNormalMap.png using Guid(a526bdffa4f29bc418554f3667339141) Importer(815301076,1909f56bfc062723c751e8b465ee728b)  -> (artifact id: 'b29913c32d44d91af096172547c68a00') in 0.048815 seconds 
  Import took 0.056998 seconds .

========================================================================
Received Import Request.
  Time since last request: 0.000276 seconds.
  path: Assets/Materials/Realistic/Asphalt/AsphaltMetallicMap.png
  artifactKey: Guid(4440a1cc791a77442a3f0ccd9b4b4554) Importer(815301076,1909f56bfc062723c751e8b465ee728b)
Start importing Assets/Materials/Realistic/Asphalt/AsphaltMetallicMap.png using Guid(4440a1cc791a77442a3f0ccd9b4b4554) Importer(815301076,1909f56bfc062723c751e8b465ee728b)  -> (artifact id: 'd95c9d091ef05e615822e3285d33df7c') in 0.029182 seconds 
  Import took 0.034454 seconds .

========================================================================
Received Import Request.
  Time since last request: 0.004389 seconds.
  path: Assets/Materials/Realistic/Asphalt/AsphaltMetallicMap.png
  artifactKey: Guid(4440a1cc791a77442a3f0ccd9b4b4554) Importer(815301076,1909f56bfc062723c751e8b465ee728b)
Start importing Assets/Materials/Realistic/Asphalt/AsphaltMetallicMap.png using Guid(4440a1cc791a77442a3f0ccd9b4b4554) Importer(815301076,1909f56bfc062723c751e8b465ee728b)  -> (artifact id: 'd95c9d091ef05e615822e3285d33df7c') in 0.019858 seconds 
  Import took 0.025659 seconds .

========================================================================
Received Import Request.
  Time since last request: 7.589650 seconds.
  path: Assets/Materials/Realistic/CobbleStone
  artifactKey: Guid(484ada4afaaa72e4ca6b39deaa7818e6) Importer(815301076,1909f56bfc062723c751e8b465ee728b)
Start importing Assets/Materials/Realistic/CobbleStone using Guid(484ada4afaaa72e4ca6b39deaa7818e6) Importer(815301076,1909f56bfc062723c751e8b465ee728b)  -> (artifact id: 'd178e15d041aebcb93b8dc8ebdecbfba') in 0.001066 seconds 
  Import took 0.006256 seconds .

========================================================================
Received Import Request.
  Time since last request: 0.074801 seconds.
  path: Assets/Materials/Realistic/CobbleStone/CobbleStoneDiffuse.png
  artifactKey: Guid(c9a189e9461a60d45a6b4c9deecca6bf) Importer(815301076,1909f56bfc062723c751e8b465ee728b)
Start importing Assets/Materials/Realistic/CobbleStone/CobbleStoneDiffuse.png using Guid(c9a189e9461a60d45a6b4c9deecca6bf) Importer(815301076,1909f56bfc062723c751e8b465ee728b)  -> (artifact id: 'be9e22a8efe18db9865e9d8962841c74') in 0.031014 seconds 
  Import took 0.037937 seconds .

========================================================================
Received Import Request.
  Time since last request: 0.000317 seconds.
  path: Assets/Materials/Realistic/CobbleStone/CobbleStoneNormal.png
  artifactKey: Guid(250df69bd891996428a4c02104be179b) Importer(815301076,1909f56bfc062723c751e8b465ee728b)
Start importing Assets/Materials/Realistic/CobbleStone/CobbleStoneNormal.png using Guid(250df69bd891996428a4c02104be179b) Importer(815301076,1909f56bfc062723c751e8b465ee728b)  -> (artifact id: '510ef52b5bd2cd4eb0e40915da7fbd21') in 0.048998 seconds 
  Import took 0.057095 seconds .

========================================================================
Received Import Request.
  Time since last request: 0.000261 seconds.
  path: Assets/Materials/Realistic/CobbleStone/CobbleStoneMetallicMap.png
  artifactKey: Guid(8be0669a2d6abac46bfffe27e5b73fd6) Importer(815301076,1909f56bfc062723c751e8b465ee728b)
Start importing Assets/Materials/Realistic/CobbleStone/CobbleStoneMetallicMap.png using Guid(8be0669a2d6abac46bfffe27e5b73fd6) Importer(815301076,1909f56bfc062723c751e8b465ee728b)  -> (artifact id: '540ac365b9391585b432b10fe545fb9f') in 0.016706 seconds 
  Import took 0.022133 seconds .

========================================================================
Received Import Request.
  Time since last request: 0.000257 seconds.
  path: Assets/Materials/Realistic/CobbleStone/CobbleStoneHeight.png
  artifactKey: Guid(49020cad0b83dd94594af5b729386359) Importer(815301076,1909f56bfc062723c751e8b465ee728b)
Start importing Assets/Materials/Realistic/CobbleStone/CobbleStoneHeight.png using Guid(49020cad0b83dd94594af5b729386359) Importer(815301076,1909f56bfc062723c751e8b465ee728b)  -> (artifact id: '24cb3579fd48307aabc09deb1b33b8ef') in 0.043127 seconds 
  Import took 0.051039 seconds .

========================================================================
Received Import Request.
  Time since last request: 1.757577 seconds.
  path: Assets/Materials/Realistic/MuddyPlants
  artifactKey: Guid(d2645955ea732554e94165b4e6f09274) Importer(815301076,1909f56bfc062723c751e8b465ee728b)
Start importing Assets/Materials/Realistic/MuddyPlants using Guid(d2645955ea732554e94165b4e6f09274) Importer(815301076,1909f56bfc062723c751e8b465ee728b)  -> (artifact id: '6132f279921ed028b72abc335e2b8408') in 0.001005 seconds 
  Import took 0.006681 seconds .

========================================================================
Received Import Request.
  Time since last request: 0.116339 seconds.
  path: Assets/Materials/Realistic/MuddyPlants/MuddyPlantsDiffuse.png
  artifactKey: Guid(623bfde45b1126a44afceb12cbf2afa0) Importer(815301076,1909f56bfc062723c751e8b465ee728b)
Start importing Assets/Materials/Realistic/MuddyPlants/MuddyPlantsDiffuse.png using Guid(623bfde45b1126a44afceb12cbf2afa0) Importer(815301076,1909f56bfc062723c751e8b465ee728b)  -> (artifact id: 'a81d098a25b98b7be86717eeb161518f') in 0.022939 seconds 
  Import took 0.029047 seconds .

========================================================================
Received Import Request.
  Time since last request: 0.000295 seconds.
  path: Assets/Materials/Realistic/MuddyPlants/MuddyPlantsMetallicMap.png
  artifactKey: Guid(e118a041f0e4ef64fa9e69e8ddea7e40) Importer(815301076,1909f56bfc062723c751e8b465ee728b)
Start importing Assets/Materials/Realistic/MuddyPlants/MuddyPlantsMetallicMap.png using Guid(e118a041f0e4ef64fa9e69e8ddea7e40) Importer(815301076,1909f56bfc062723c751e8b465ee728b)  -> (artifact id: '2414ac469081eb6ac7dbdab875e754f4') in 0.018470 seconds 
  Import took 0.022724 seconds .

========================================================================
Received Import Request.
  Time since last request: 0.000181 seconds.
  path: Assets/Materials/Realistic/MuddyPlants/MuddyPlantsNormal.png
  artifactKey: Guid(0b9ebe53e15711d489bd8da90e035cb4) Importer(815301076,1909f56bfc062723c751e8b465ee728b)
Start importing Assets/Materials/Realistic/MuddyPlants/MuddyPlantsNormal.png using Guid(0b9ebe53e15711d489bd8da90e035cb4) Importer(815301076,1909f56bfc062723c751e8b465ee728b)  -> (artifact id: 'cdfeb50b00c20d40524ee27ebf41e14c') in 0.040484 seconds 
  Import took 0.048074 seconds .

========================================================================
Received Import Request.
  Time since last request: 0.000200 seconds.
  path: Assets/Materials/Realistic/MuddyPlants/MuddyPlantsHeight.png
  artifactKey: Guid(1a087b4336029324abe0fa3d3d85278a) Importer(815301076,1909f56bfc062723c751e8b465ee728b)
Start importing Assets/Materials/Realistic/MuddyPlants/MuddyPlantsHeight.png using Guid(1a087b4336029324abe0fa3d3d85278a) Importer(815301076,1909f56bfc062723c751e8b465ee728b)  -> (artifact id: '8de13cdd31d1144a158c428cb2f30033') in 0.024725 seconds 
  Import took 0.030657 seconds .

========================================================================
Received Import Request.
  Time since last request: 1.712123 seconds.
  path: Assets/Materials/Realistic/RedMud
  artifactKey: Guid(3faee5ed342870340ae5c1b1d0300d65) Importer(815301076,1909f56bfc062723c751e8b465ee728b)
Start importing Assets/Materials/Realistic/RedMud using Guid(3faee5ed342870340ae5c1b1d0300d65) Importer(815301076,1909f56bfc062723c751e8b465ee728b)  -> (artifact id: '84c3d8cb0e6ca3b74e9c08b6b721a1ff') in 0.001047 seconds 
  Import took 0.006234 seconds .

========================================================================
Received Import Request.
  Time since last request: 0.047576 seconds.
  path: Assets/Materials/Realistic/RedMud/RedMudDiffuse.png
  artifactKey: Guid(4e9fd4bfa57cb5d4e915f5e502dd0c49) Importer(815301076,1909f56bfc062723c751e8b465ee728b)
Start importing Assets/Materials/Realistic/RedMud/RedMudDiffuse.png using Guid(4e9fd4bfa57cb5d4e915f5e502dd0c49) Importer(815301076,1909f56bfc062723c751e8b465ee728b)  -> (artifact id: '5d5d473aae2cbf8aa0dcb438bf7f9c18') in 0.029138 seconds 
  Import took 0.035710 seconds .

========================================================================
Received Import Request.
  Time since last request: 0.000299 seconds.
  path: Assets/Materials/Realistic/RedMud/RedMudMetallicMap.png
  artifactKey: Guid(8fbc369191c25eb49866df3ac2078c3a) Importer(815301076,1909f56bfc062723c751e8b465ee728b)
Start importing Assets/Materials/Realistic/RedMud/RedMudMetallicMap.png using Guid(8fbc369191c25eb49866df3ac2078c3a) Importer(815301076,1909f56bfc062723c751e8b465ee728b)  -> (artifact id: 'ddaa73e0f2337967bcbe4007a6c1b1d5') in 0.018142 seconds 
  Import took 0.023094 seconds .

========================================================================
Received Import Request.
  Time since last request: 0.000234 seconds.
  path: Assets/Materials/Realistic/RedMud/RedMudNormal.png
  artifactKey: Guid(bd1708532e47bfb499536023f3bf0d45) Importer(815301076,1909f56bfc062723c751e8b465ee728b)
Start importing Assets/Materials/Realistic/RedMud/RedMudNormal.png using Guid(bd1708532e47bfb499536023f3bf0d45) Importer(815301076,1909f56bfc062723c751e8b465ee728b)  -> (artifact id: '819825671828e00d6e5880efc4ef2b9d') in 0.044154 seconds 
  Import took 0.051985 seconds .

========================================================================
Received Import Request.
  Time since last request: 12.433565 seconds.
  path: Assets/Materials/New Material.mat
  artifactKey: Guid(d7411eaf252a0492cb03fa34a1bccc80) Importer(815301076,1909f56bfc062723c751e8b465ee728b)
Start importing Assets/Materials/New Material.mat using Guid(d7411eaf252a0492cb03fa34a1bccc80) Importer(815301076,1909f56bfc062723c751e8b465ee728b)  -> (artifact id: '80bb3e07ece7a9637e1fe12b2c496711') in 0.086706 seconds 
  Import took 0.091951 seconds .

========================================================================
Received Import Request.
  Time since last request: 164.674941 seconds.
  path: Assets/Materials/Realistic/MuddyPlants/mud.mat
  artifactKey: Guid(58fef9b31721645a2914cb2c181cde91) Importer(815301076,1909f56bfc062723c751e8b465ee728b)
Start importing Assets/Materials/Realistic/MuddyPlants/mud.mat using Guid(58fef9b31721645a2914cb2c181cde91) Importer(815301076,1909f56bfc062723c751e8b465ee728b)  -> (artifact id: 'e25e9dbb7465f8894bc85a4cbe65165a') in 0.017924 seconds 
  Import took 0.023215 seconds .

========================================================================
Received Import Request.
  Time since last request: 139.481998 seconds.
  path: Assets/Materials/Realistic/RockyGravel/RickyGravelNormal.png
  artifactKey: Guid(e3e3664e48f7059488dd068399213a3e) Importer(815301076,1909f56bfc062723c751e8b465ee728b)
Start importing Assets/Materials/Realistic/RockyGravel/RickyGravelNormal.png using Guid(e3e3664e48f7059488dd068399213a3e) Importer(815301076,1909f56bfc062723c751e8b465ee728b)  -> (artifact id: 'ea89a349de38549e71b9ee5a41c20cde') in 0.049043 seconds 
  Import took 0.057078 seconds .

========================================================================
Received Import Request.
  Time since last request: 0.000306 seconds.
  path: Assets/Materials/Realistic/RockyGravel/RockyGravelDiffuse.png
  artifactKey: Guid(c923f2ffd195ab640810fd018d312274) Importer(815301076,1909f56bfc062723c751e8b465ee728b)
Start importing Assets/Materials/Realistic/RockyGravel/RockyGravelDiffuse.png using Guid(c923f2ffd195ab640810fd018d312274) Importer(815301076,1909f56bfc062723c751e8b465ee728b)  -> (artifact id: '1b0159bc71f90ab411cc344658b10fa4') in 0.028735 seconds 
  Import took 0.035118 seconds .

========================================================================
Received Import Request.
  Time since last request: 0.000261 seconds.
  path: Assets/Materials/Realistic/RockyGravel/RockyGravelHeight.png
  artifactKey: Guid(251136ea8285c284183b305c8b618d7b) Importer(815301076,1909f56bfc062723c751e8b465ee728b)
Start importing Assets/Materials/Realistic/RockyGravel/RockyGravelHeight.png using Guid(251136ea8285c284183b305c8b618d7b) Importer(815301076,1909f56bfc062723c751e8b465ee728b)  -> (artifact id: 'e5ef33eb26d16fbb1ca73a250fb974b0') in 0.043748 seconds 
  Import took 0.051353 seconds .

========================================================================
Received Import Request.
  Time since last request: 0.000285 seconds.
  path: Assets/Materials/Realistic/RockyGravel/RockyGravelDiffuse.png
  artifactKey: Guid(c923f2ffd195ab640810fd018d312274) Importer(815301076,1909f56bfc062723c751e8b465ee728b)
Start importing Assets/Materials/Realistic/RockyGravel/RockyGravelDiffuse.png using Guid(c923f2ffd195ab640810fd018d312274) Importer(815301076,1909f56bfc062723c751e8b465ee728b)  -> (artifact id: '1b0159bc71f90ab411cc344658b10fa4') in 0.025703 seconds 
  Import took 0.032527 seconds .

========================================================================
Received Import Request.
  Time since last request: 0.000254 seconds.
  path: Assets/Materials/Realistic/RockyGravel/RockyGravelHeight.png
  artifactKey: Guid(251136ea8285c284183b305c8b618d7b) Importer(815301076,1909f56bfc062723c751e8b465ee728b)
Start importing Assets/Materials/Realistic/RockyGravel/RockyGravelHeight.png using Guid(251136ea8285c284183b305c8b618d7b) Importer(815301076,1909f56bfc062723c751e8b465ee728b)  -> (artifact id: 'e5ef33eb26d16fbb1ca73a250fb974b0') in 0.039374 seconds 
  Import took 0.047197 seconds .

========================================================================
Received Import Request.
  Time since last request: 0.000332 seconds.
  path: Assets/Materials/Realistic/RockyGravel/RockyGravelMetallic.png
  artifactKey: Guid(4d9e28ec148233645b32c493c8827cb8) Importer(815301076,1909f56bfc062723c751e8b465ee728b)
Start importing Assets/Materials/Realistic/RockyGravel/RockyGravelMetallic.png using Guid(4d9e28ec148233645b32c493c8827cb8) Importer(815301076,1909f56bfc062723c751e8b465ee728b)  -> (artifact id: 'f2960203a7bee00c12c1b1eade6bf74e') in 0.019493 seconds 
  Import took 0.024511 seconds .

========================================================================
Received Import Request.
  Time since last request: 1.510033 seconds.
  path: Assets/Materials/Realistic/Stone/StoneDiffuse.png
  artifactKey: Guid(d3611ef21c836ca4a9d891b300d87c87) Importer(815301076,1909f56bfc062723c751e8b465ee728b)
Start importing Assets/Materials/Realistic/Stone/StoneDiffuse.png using Guid(d3611ef21c836ca4a9d891b300d87c87) Importer(815301076,1909f56bfc062723c751e8b465ee728b)  -> (artifact id: '1462f2624ad473134d516d2495e872c9') in 0.029878 seconds 
  Import took 0.036694 seconds .

========================================================================
Received Import Request.
  Time since last request: 0.000299 seconds.
  path: Assets/Materials/Realistic/Stone/StoneHeight.png
  artifactKey: Guid(1d0720933ec23fc478e6560efab6f2ca) Importer(815301076,1909f56bfc062723c751e8b465ee728b)
Start importing Assets/Materials/Realistic/Stone/StoneHeight.png using Guid(1d0720933ec23fc478e6560efab6f2ca) Importer(815301076,1909f56bfc062723c751e8b465ee728b)  -> (artifact id: '70b8b4ce1f2902889d25d3e6cf32cd46') in 0.063451 seconds 
  Import took 0.071249 seconds .

========================================================================
Received Import Request.
  Time since last request: 0.000297 seconds.
  path: Assets/Materials/Realistic/Stone/StoneNormal.png
  artifactKey: Guid(1b86553f44aef9c4d9e647bd0564e6ee) Importer(815301076,1909f56bfc062723c751e8b465ee728b)
Start importing Assets/Materials/Realistic/Stone/StoneNormal.png using Guid(1b86553f44aef9c4d9e647bd0564e6ee) Importer(815301076,1909f56bfc062723c751e8b465ee728b)  -> (artifact id: '190585c35bf492c90a8646ff873744fc') in 0.045023 seconds 
  Import took 0.052620 seconds .

========================================================================
Received Import Request.
  Time since last request: 0.000276 seconds.
  path: Assets/Materials/Realistic/Stone/StoneMetallicMap.png
  artifactKey: Guid(b7db30566d058f6419fe9f2aa6bf9b8a) Importer(815301076,1909f56bfc062723c751e8b465ee728b)
Start importing Assets/Materials/Realistic/Stone/StoneMetallicMap.png using Guid(b7db30566d058f6419fe9f2aa6bf9b8a) Importer(815301076,1909f56bfc062723c751e8b465ee728b)  -> (artifact id: 'e8bf1c9db96a166bd637153e197a7831') in 0.018692 seconds 
  Import took 0.023849 seconds .

========================================================================
Received Import Request.
  Time since last request: 61.140448 seconds.
  path: Assets/Materials/Realistic/Stone/stone.mat
  artifactKey: Guid(2da45a6d61d174f71926d06fe35636f2) Importer(815301076,1909f56bfc062723c751e8b465ee728b)
Start importing Assets/Materials/Realistic/Stone/stone.mat using Guid(2da45a6d61d174f71926d06fe35636f2) Importer(815301076,1909f56bfc062723c751e8b465ee728b)  -> (artifact id: '4e92e50afe1ee6016919a1178d6676f1') in 0.020079 seconds 
  Import took 0.027124 seconds .

========================================================================
Received Import Request.
  Time since last request: 360.743219 seconds.
  path: Assets/Materials/Realistic/MuddyPlants/mud.mat
  artifactKey: Guid(58fef9b31721645a2914cb2c181cde91) Importer(815301076,1909f56bfc062723c751e8b465ee728b)
Start importing Assets/Materials/Realistic/MuddyPlants/mud.mat using Guid(58fef9b31721645a2914cb2c181cde91) Importer(815301076,1909f56bfc062723c751e8b465ee728b)  -> (artifact id: '4704699c874176109bb4fa70faf78973') in 0.216683 seconds 
  Import took 0.226528 seconds .

========================================================================
Received Import Request.
  Time since last request: 13.721343 seconds.
  path: Assets/Materials/Realistic/CobbleStone/Cobble.mat
  artifactKey: Guid(4b416f37d9b9143408bd0395655b9a4a) Importer(815301076,1909f56bfc062723c751e8b465ee728b)
Start importing Assets/Materials/Realistic/CobbleStone/Cobble.mat using Guid(4b416f37d9b9143408bd0395655b9a4a) Importer(815301076,1909f56bfc062723c751e8b465ee728b)  -> (artifact id: '61b56ccf67a7295322195e8192fe9cd1') in 0.020599 seconds 
  Import took 0.025649 seconds .

========================================================================
Received Import Request.
  Time since last request: 473.632881 seconds.
  path: Assets/Materials/Realistic/RockyGravel
  artifactKey: Guid(680bd152d6d9e8c4c820b852977cf874) Importer(815301076,1909f56bfc062723c751e8b465ee728b)
Start importing Assets/Materials/Realistic/RockyGravel using Guid(680bd152d6d9e8c4c820b852977cf874) Importer(815301076,1909f56bfc062723c751e8b465ee728b)  -> (artifact id: '4ead3e8e88bed3f22372f76603903441') in 0.001027 seconds 
  Import took 0.006794 seconds .

========================================================================
Received Import Request.
  Time since last request: 112.176871 seconds.
  path: Assets/Materials/Realistic/Asphalt/Asphalt.mat
  artifactKey: Guid(dced3de8ab5ad41f49d909da413e559e) Importer(815301076,1909f56bfc062723c751e8b465ee728b)
Start importing Assets/Materials/Realistic/Asphalt/Asphalt.mat using Guid(dced3de8ab5ad41f49d909da413e559e) Importer(815301076,1909f56bfc062723c751e8b465ee728b)  -> (artifact id: 'd1431ae8c498bcb516c9437386812e56') in 0.030100 seconds 
  Import took 0.035302 seconds .

========================================================================
Received Import Request.
  Time since last request: 58.461036 seconds.
  path: Assets/Materials/Realistic/Asphalt/Materials
  artifactKey: Guid(3dc3acb4b35464da0a2f33ec1cf72dc4) Importer(815301076,1909f56bfc062723c751e8b465ee728b)
Start importing Assets/Materials/Realistic/Asphalt/Materials using Guid(3dc3acb4b35464da0a2f33ec1cf72dc4) Importer(815301076,1909f56bfc062723c751e8b465ee728b)  -> (artifact id: '811c0519e44194996f9a6b63553f9130') in 0.000963 seconds 
  Import took 0.006870 seconds .

========================================================================
Received Import Request.
  Time since last request: 0.038409 seconds.
  path: Assets/Materials/Realistic/Asphalt/Materials/AsphaltMetallicMap.mat
  artifactKey: Guid(1cb9b45146f0d47b4b08bdc9fca41785) Importer(815301076,1909f56bfc062723c751e8b465ee728b)
Start importing Assets/Materials/Realistic/Asphalt/Materials/AsphaltMetallicMap.mat using Guid(1cb9b45146f0d47b4b08bdc9fca41785) Importer(815301076,1909f56bfc062723c751e8b465ee728b)  -> (artifact id: 'fa60b177e9fc444445d9e8d04fcff726') in 0.019320 seconds 
  Import took 0.024709 seconds .

========================================================================
Received Import Request.
  Time since last request: 10.668073 seconds.
  path: Assets/Materials/Realistic/CobbleStone/Cobble.mat
  artifactKey: Guid(4b416f37d9b9143408bd0395655b9a4a) Importer(815301076,1909f56bfc062723c751e8b465ee728b)
Start importing Assets/Materials/Realistic/CobbleStone/Cobble.mat using Guid(4b416f37d9b9143408bd0395655b9a4a) Importer(815301076,1909f56bfc062723c751e8b465ee728b)  -> (artifact id: 'f980308ebf59aa40bc75cf01aa1203b1') in 0.187124 seconds 
  Import took 0.196287 seconds .

========================================================================
Received Import Request.
  Time since last request: 5.489480 seconds.
  path: Assets/Materials/Realistic/Stone/stone.mat
  artifactKey: Guid(2da45a6d61d174f71926d06fe35636f2) Importer(815301076,1909f56bfc062723c751e8b465ee728b)
Start importing Assets/Materials/Realistic/Stone/stone.mat using Guid(2da45a6d61d174f71926d06fe35636f2) Importer(815301076,1909f56bfc062723c751e8b465ee728b)  -> (artifact id: '9399bcda84de97f56594f793b3c86da9') in 0.119301 seconds 
  Import took 0.131903 seconds .

========================================================================
Received Import Request.
  Time since last request: 13.628143 seconds.
  path: Assets/Materials/Realistic/RockyGravel/Rocky.mat
  artifactKey: Guid(708c9b11167db463ebb12c12479d515f) Importer(815301076,1909f56bfc062723c751e8b465ee728b)
Start importing Assets/Materials/Realistic/RockyGravel/Rocky.mat using Guid(708c9b11167db463ebb12c12479d515f) Importer(815301076,1909f56bfc062723c751e8b465ee728b)  -> (artifact id: 'b768283d53c35cbc94e00be3457917d2') in 0.013720 seconds 
  Import took 0.019241 seconds .

========================================================================
Received Import Request.
  Time since last request: 285.188800 seconds.
  path: Assets/Materials/Realistic/CobbleStone/CobbleStoneHeight.png
  artifactKey: Guid(49020cad0b83dd94594af5b729386359) Importer(815301076,1909f56bfc062723c751e8b465ee728b)
Start importing Assets/Materials/Realistic/CobbleStone/CobbleStoneHeight.png using Guid(49020cad0b83dd94594af5b729386359) Importer(815301076,1909f56bfc062723c751e8b465ee728b)  -> (artifact id: 'bb3ccab8fb59f9f24c0712fdcb8aefb8') in 0.060509 seconds 
  Import took 0.067895 seconds .

========================================================================
Received Import Request.
  Time since last request: 75.731025 seconds.
  path: Assets/Materials/Realistic/RedMud/redmud.mat
  artifactKey: Guid(7228ffe5bd4724921b945c630da5e28d) Importer(815301076,1909f56bfc062723c751e8b465ee728b)
Start importing Assets/Materials/Realistic/RedMud/redmud.mat using Guid(7228ffe5bd4724921b945c630da5e28d) Importer(815301076,1909f56bfc062723c751e8b465ee728b)  -> (artifact id: '9c564d0ff02040406d6933527c2d830e') in 0.015842 seconds 
  Import took 0.021625 seconds .

========================================================================
Received Import Request.
  Time since last request: 33.381846 seconds.
  path: Assets/Materials/Realistic/RockyGravel/Rocky.mat
  artifactKey: Guid(708c9b11167db463ebb12c12479d515f) Importer(815301076,1909f56bfc062723c751e8b465ee728b)
Start importing Assets/Materials/Realistic/RockyGravel/Rocky.mat using Guid(708c9b11167db463ebb12c12479d515f) Importer(815301076,1909f56bfc062723c751e8b465ee728b)  -> (artifact id: '6a2bcdd9ab0ecbcb70d051c17bdd44e8') in 0.121075 seconds 
  Import took 0.133223 seconds .

========================================================================
Received Import Request.
  Time since last request: 0.729030 seconds.
  path: Assets/Materials/Realistic/Stone/stone.mat
  artifactKey: Guid(2da45a6d61d174f71926d06fe35636f2) Importer(815301076,1909f56bfc062723c751e8b465ee728b)
Start importing Assets/Materials/Realistic/Stone/stone.mat using Guid(2da45a6d61d174f71926d06fe35636f2) Importer(815301076,1909f56bfc062723c751e8b465ee728b)  -> (artifact id: 'd243153d93040971f17a2f7c510005bf') in 0.112824 seconds 
  Import took 0.125100 seconds .

========================================================================
Received Import Request.
  Time since last request: 109.194669 seconds.
  path: Assets/Materials/Realistic/CobbleStone/Cobble.mat
  artifactKey: Guid(4b416f37d9b9143408bd0395655b9a4a) Importer(815301076,1909f56bfc062723c751e8b465ee728b)
Start importing Assets/Materials/Realistic/CobbleStone/Cobble.mat using Guid(4b416f37d9b9143408bd0395655b9a4a) Importer(815301076,1909f56bfc062723c751e8b465ee728b)  -> (artifact id: '335f9b7d653ae220984bcbd7d99b9115') in 0.105871 seconds 
  Import took 0.118109 seconds .

========================================================================
Received Import Request.
  Time since last request: 341.116864 seconds.
  path: Assets/Materials/Stylized/Grass
  artifactKey: Guid(5b45e5c3708a5f241930aec77af90fe5) Importer(815301076,1909f56bfc062723c751e8b465ee728b)
Start importing Assets/Materials/Stylized/Grass using Guid(5b45e5c3708a5f241930aec77af90fe5) Importer(815301076,1909f56bfc062723c751e8b465ee728b)  -> (artifact id: '266682e9a9dc898d2a382369a5b2bce3') in 0.000949 seconds 
  Import took 0.006859 seconds .

========================================================================
Received Import Request.
  Time since last request: 0.737226 seconds.
  path: Assets/Materials/Stylized/Grass/Grass_Dense_Tint_02_Leaves_A_AO.png
  artifactKey: Guid(59957d2caafe37040ab4e99191f9c6cf) Importer(815301076,1909f56bfc062723c751e8b465ee728b)
Start importing Assets/Materials/Stylized/Grass/Grass_Dense_Tint_02_Leaves_A_AO.png using Guid(59957d2caafe37040ab4e99191f9c6cf) Importer(815301076,1909f56bfc062723c751e8b465ee728b)  -> (artifact id: '8aa7b1181bd103efe23530b5d16df43e') in 0.017303 seconds 
  Import took 0.022558 seconds .

========================================================================
Received Import Request.
  Time since last request: 0.000227 seconds.
  path: Assets/Materials/Stylized/Grass/Grass_Dense_Tint_02_Leaves_A_Normal.png
  artifactKey: Guid(9ae13c909d9484e4eb0aa286d6774fd8) Importer(815301076,1909f56bfc062723c751e8b465ee728b)
Start importing Assets/Materials/Stylized/Grass/Grass_Dense_Tint_02_Leaves_A_Normal.png using Guid(9ae13c909d9484e4eb0aa286d6774fd8) Importer(815301076,1909f56bfc062723c751e8b465ee728b)  -> (artifact id: '964b3f3ec3f43b10d1589205261b27e6') in 0.018208 seconds 
  Import took 0.023318 seconds .

========================================================================
Received Import Request.
  Time since last request: 0.000229 seconds.
  path: Assets/Materials/Stylized/Grass/Grass_Dense_Tint_02_Leaves_A_Metallic.png
  artifactKey: Guid(fe3f8e1c9353d3a46bf8548c1956529f) Importer(815301076,1909f56bfc062723c751e8b465ee728b)
Start importing Assets/Materials/Stylized/Grass/Grass_Dense_Tint_02_Leaves_A_Metallic.png using Guid(fe3f8e1c9353d3a46bf8548c1956529f) Importer(815301076,1909f56bfc062723c751e8b465ee728b)  -> (artifact id: '9341a674c3eed7f4bf270ce28da44605') in 0.016642 seconds 
  Import took 0.022604 seconds .

========================================================================
Received Import Request.
  Time since last request: 0.000222 seconds.
  path: Assets/Materials/Stylized/Grass/Grass_Dense_Tint_02_Leaves_A_Basecolor.png
  artifactKey: Guid(464397aea913d01409f3d8329f26b705) Importer(815301076,1909f56bfc062723c751e8b465ee728b)
Start importing Assets/Materials/Stylized/Grass/Grass_Dense_Tint_02_Leaves_A_Basecolor.png using Guid(464397aea913d01409f3d8329f26b705) Importer(815301076,1909f56bfc062723c751e8b465ee728b)  -> (artifact id: '6d0f7942c6ce3d49b55c1e4a94396e55') in 0.014639 seconds 
  Import took 0.020200 seconds .

========================================================================
Received Import Request.
  Time since last request: 0.000279 seconds.
  path: Assets/Materials/Stylized/Grass/Grass_Dense_Tint_02_Leaves_A_Height.png
  artifactKey: Guid(ddabfb676c2439e46b7d0908befa50eb) Importer(815301076,1909f56bfc062723c751e8b465ee728b)
Start importing Assets/Materials/Stylized/Grass/Grass_Dense_Tint_02_Leaves_A_Height.png using Guid(ddabfb676c2439e46b7d0908befa50eb) Importer(815301076,1909f56bfc062723c751e8b465ee728b)  -> (artifact id: 'bd59e9f0e2c51cd87fa710cbfd81ac0d') in 0.014382 seconds 
  Import took 0.019166 seconds .

========================================================================
Received Import Request.
  Time since last request: 3.418545 seconds.
  path: Assets/Materials/Stylized/Stone
  artifactKey: Guid(1556c24433e7e0241b2e338f737740c0) Importer(815301076,1909f56bfc062723c751e8b465ee728b)
Start importing Assets/Materials/Stylized/Stone using Guid(1556c24433e7e0241b2e338f737740c0) Importer(815301076,1909f56bfc062723c751e8b465ee728b)  -> (artifact id: 'ee152c9b8e49ffa7a093e6e81d62be6c') in 0.001029 seconds 
  Import took 0.006142 seconds .

========================================================================
Received Import Request.
  Time since last request: 0.071573 seconds.
  path: Assets/Materials/Stylized/Stone/Wall_Stone_C_AO.png
  artifactKey: Guid(df36af7543a587a45a81f2aa426c7309) Importer(815301076,1909f56bfc062723c751e8b465ee728b)
Start importing Assets/Materials/Stylized/Stone/Wall_Stone_C_AO.png using Guid(df36af7543a587a45a81f2aa426c7309) Importer(815301076,1909f56bfc062723c751e8b465ee728b)  -> (artifact id: '01496f6575001f272c1b0d6306e52de7') in 0.014400 seconds 
  Import took 0.019643 seconds .

========================================================================
Received Import Request.
  Time since last request: 0.000276 seconds.
  path: Assets/Materials/Stylized/Stone/Wall_Stone_C_Basecolor.png
  artifactKey: Guid(af59bdb6ca27dbd479831f98668cec63) Importer(815301076,1909f56bfc062723c751e8b465ee728b)
Start importing Assets/Materials/Stylized/Stone/Wall_Stone_C_Basecolor.png using Guid(af59bdb6ca27dbd479831f98668cec63) Importer(815301076,1909f56bfc062723c751e8b465ee728b)  -> (artifact id: 'b17dc5b037300433e8d032c80f351e6a') in 0.015744 seconds 
  Import took 0.020445 seconds .

========================================================================
Received Import Request.
  Time since last request: 0.000302 seconds.
  path: Assets/Materials/Stylized/Stone/Wall_Stone_C_Height.png
  artifactKey: Guid(11a916f74a93ba74dbe74f6742bc177e) Importer(815301076,1909f56bfc062723c751e8b465ee728b)
Start importing Assets/Materials/Stylized/Stone/Wall_Stone_C_Height.png using Guid(11a916f74a93ba74dbe74f6742bc177e) Importer(815301076,1909f56bfc062723c751e8b465ee728b)  -> (artifact id: 'e272e456ec42a295c21848ae49c75fa4') in 0.030654 seconds 
  Import took 0.035766 seconds .

========================================================================
Received Import Request.
  Time since last request: 0.000213 seconds.
  path: Assets/Materials/Stylized/Stone/Wall_Stone_C_Normal.png
  artifactKey: Guid(b09fab64da4f9a14fa70faa21fbff23b) Importer(815301076,1909f56bfc062723c751e8b465ee728b)
Start importing Assets/Materials/Stylized/Stone/Wall_Stone_C_Normal.png using Guid(b09fab64da4f9a14fa70faa21fbff23b) Importer(815301076,1909f56bfc062723c751e8b465ee728b)  -> (artifact id: '0b3705d11da1397c9cb7c2747344db1f') in 0.017141 seconds 
  Import took 0.022305 seconds .

========================================================================
Received Import Request.
  Time since last request: 0.000219 seconds.
  path: Assets/Materials/Stylized/Stone/Wall_Stone_C_Metallic.png
  artifactKey: Guid(77fe6b0eb0f7cd146b7eaa6dcd3abcf9) Importer(815301076,1909f56bfc062723c751e8b465ee728b)
Start importing Assets/Materials/Stylized/Stone/Wall_Stone_C_Metallic.png using Guid(77fe6b0eb0f7cd146b7eaa6dcd3abcf9) Importer(815301076,1909f56bfc062723c751e8b465ee728b)  -> (artifact id: 'c79c7514c889fb2b3d7eb466829ecc48') in 0.015464 seconds 
  Import took 0.020766 seconds .

========================================================================
Received Import Request.
  Time since last request: 10.031391 seconds.
  path: Assets/Materials/Stylized/Brick/Wall_Brick_AO.png
  artifactKey: Guid(572981d23c249024a9189323bf08a0fb) Importer(815301076,1909f56bfc062723c751e8b465ee728b)
Start importing Assets/Materials/Stylized/Brick/Wall_Brick_AO.png using Guid(572981d23c249024a9189323bf08a0fb) Importer(815301076,1909f56bfc062723c751e8b465ee728b)  -> (artifact id: 'd63fee9ac8724f7454b6be6a538d9850') in 0.013899 seconds 
  Import took 0.019183 seconds .

========================================================================
Received Import Request.
  Time since last request: 0.000230 seconds.
  path: Assets/Materials/Stylized/Brick/Wall_Brick_Metallic.png
  artifactKey: Guid(a9975ebe1309ad04f85c4acbb5d3c25e) Importer(815301076,1909f56bfc062723c751e8b465ee728b)
Start importing Assets/Materials/Stylized/Brick/Wall_Brick_Metallic.png using Guid(a9975ebe1309ad04f85c4acbb5d3c25e) Importer(815301076,1909f56bfc062723c751e8b465ee728b)  -> (artifact id: '513a7b0a8fdee013c4c10b1397732682') in 0.017929 seconds 
  Import took 0.022803 seconds .

========================================================================
Received Import Request.
  Time since last request: 0.000240 seconds.
  path: Assets/Materials/Stylized/Brick/Wall_Brick_Height.png
  artifactKey: Guid(17aeb35c067cd4043bfd58e7e7b6cf6c) Importer(815301076,1909f56bfc062723c751e8b465ee728b)
Start importing Assets/Materials/Stylized/Brick/Wall_Brick_Height.png using Guid(17aeb35c067cd4043bfd58e7e7b6cf6c) Importer(815301076,1909f56bfc062723c751e8b465ee728b)  -> (artifact id: 'fcf06522857345b124a682f8608f5f8f') in 0.029365 seconds 
  Import took 0.035051 seconds .

========================================================================
Received Import Request.
  Time since last request: 0.000283 seconds.
  path: Assets/Materials/Stylized/Brick/Wall_Brick_Normal.png
  artifactKey: Guid(2c49d12fb89450b488277e7bfc402e8a) Importer(815301076,1909f56bfc062723c751e8b465ee728b)
Start importing Assets/Materials/Stylized/Brick/Wall_Brick_Normal.png using Guid(2c49d12fb89450b488277e7bfc402e8a) Importer(815301076,1909f56bfc062723c751e8b465ee728b)  -> (artifact id: '2c8f7499ef01c8d4f52e779b15b5baca') in 0.016234 seconds 
  Import took 0.021716 seconds .

========================================================================
Received Import Request.
  Time since last request: 0.000230 seconds.
  path: Assets/Materials/Stylized/Brick/Wall_Brick_Basecolor_C.png
  artifactKey: Guid(52b99d64baa59234e83d32cd8818704e) Importer(815301076,1909f56bfc062723c751e8b465ee728b)
Start importing Assets/Materials/Stylized/Brick/Wall_Brick_Basecolor_C.png using Guid(52b99d64baa59234e83d32cd8818704e) Importer(815301076,1909f56bfc062723c751e8b465ee728b)  -> (artifact id: '9823b144b6830849f74c27137753c3ea') in 0.013385 seconds 
  Import took 0.018333 seconds .

========================================================================
Received Import Request.
  Time since last request: 9.654919 seconds.
  path: Assets/Materials/Stylized/Brick/Wall.mat
  artifactKey: Guid(314502a8d18bf4196a487a3d4d0a2dc1) Importer(815301076,1909f56bfc062723c751e8b465ee728b)
Start importing Assets/Materials/Stylized/Brick/Wall.mat using Guid(314502a8d18bf4196a487a3d4d0a2dc1) Importer(815301076,1909f56bfc062723c751e8b465ee728b)  -> (artifact id: 'd761d901fcb34219087dc55ca5c41148') in 0.014373 seconds 
  Import took 0.019496 seconds .

========================================================================
Received Import Request.
  Time since last request: 187.999473 seconds.
  path: Assets/Materials/Stylized/Grass/Grass.mat
  artifactKey: Guid(e4c61d0a79dfe4a689d980ff0f23b5b3) Importer(815301076,1909f56bfc062723c751e8b465ee728b)
Start importing Assets/Materials/Stylized/Grass/Grass.mat using Guid(e4c61d0a79dfe4a689d980ff0f23b5b3) Importer(815301076,1909f56bfc062723c751e8b465ee728b)  -> (artifact id: '00d7073871e0d7e09eda146bf16ad316') in 0.015615 seconds 
  Import took 0.021179 seconds .

========================================================================
Received Import Request.
  Time since last request: 68.354723 seconds.
  path: Assets/Materials/Stylized/Dirt/Dirt_Path_AO.png
  artifactKey: Guid(0fd2da29303ebcb4cb50ad1cccf7f097) Importer(815301076,1909f56bfc062723c751e8b465ee728b)
Start importing Assets/Materials/Stylized/Dirt/Dirt_Path_AO.png using Guid(0fd2da29303ebcb4cb50ad1cccf7f097) Importer(815301076,1909f56bfc062723c751e8b465ee728b)  -> (artifact id: '5d9d68a7a4c7fc81dc1b0056325a2482') in 0.014814 seconds 
  Import took 0.020354 seconds .

========================================================================
Received Import Request.
  Time since last request: 0.000333 seconds.
  path: Assets/Materials/Stylized/Dirt/Dirt_Path_Basecolor.png
  artifactKey: Guid(c2e975e8a074dff45aee75e580a54344) Importer(815301076,1909f56bfc062723c751e8b465ee728b)
Start importing Assets/Materials/Stylized/Dirt/Dirt_Path_Basecolor.png using Guid(c2e975e8a074dff45aee75e580a54344) Importer(815301076,1909f56bfc062723c751e8b465ee728b)  -> (artifact id: '2e94352a19c3ce7fa1fe90914a595bb5') in 0.015121 seconds 
  Import took 0.020336 seconds .

========================================================================
Received Import Request.
  Time since last request: 0.000450 seconds.
  path: Assets/Materials/Stylized/Dirt/Dirt_Path_Height.png
  artifactKey: Guid(97df09d6b5a195f438ae4c5dba98341b) Importer(815301076,1909f56bfc062723c751e8b465ee728b)
Start importing Assets/Materials/Stylized/Dirt/Dirt_Path_Height.png using Guid(97df09d6b5a195f438ae4c5dba98341b) Importer(815301076,1909f56bfc062723c751e8b465ee728b)  -> (artifact id: '72c775a2e7a7de3b3dcd8554cb9c06e0') in 0.027217 seconds 
  Import took 0.032612 seconds .

========================================================================
Received Import Request.
  Time since last request: 0.000242 seconds.
  path: Assets/Materials/Stylized/Dirt/Dirt_Path_Normal.png
  artifactKey: Guid(48c3f9bf0c6c95b4e8a00c6b9a8162be) Importer(815301076,1909f56bfc062723c751e8b465ee728b)
Start importing Assets/Materials/Stylized/Dirt/Dirt_Path_Normal.png using Guid(48c3f9bf0c6c95b4e8a00c6b9a8162be) Importer(815301076,1909f56bfc062723c751e8b465ee728b)  -> (artifact id: '3b1d7726dfc76873ede171888e4aa7e3') in 0.018192 seconds 
  Import took 0.023201 seconds .

========================================================================
Received Import Request.
  Time since last request: 0.000233 seconds.
  path: Assets/Materials/Stylized/Dirt/Dirt_Path_Height.png
  artifactKey: Guid(97df09d6b5a195f438ae4c5dba98341b) Importer(815301076,1909f56bfc062723c751e8b465ee728b)
Start importing Assets/Materials/Stylized/Dirt/Dirt_Path_Height.png using Guid(97df09d6b5a195f438ae4c5dba98341b) Importer(815301076,1909f56bfc062723c751e8b465ee728b)  -> (artifact id: '72c775a2e7a7de3b3dcd8554cb9c06e0') in 0.012032 seconds 
  Import took 0.017428 seconds .

========================================================================
Received Import Request.
  Time since last request: 0.000226 seconds.
  path: Assets/Materials/Stylized/Dirt/Dirt_Path_Metallic.png
  artifactKey: Guid(ae87662110a99a64d80a0cb0171f7d5e) Importer(815301076,1909f56bfc062723c751e8b465ee728b)
Start importing Assets/Materials/Stylized/Dirt/Dirt_Path_Metallic.png using Guid(ae87662110a99a64d80a0cb0171f7d5e) Importer(815301076,1909f56bfc062723c751e8b465ee728b)  -> (artifact id: 'efce5df1d40b2e8e7d84a874cc58dbfc') in 0.016288 seconds 
  Import took 0.021657 seconds .

========================================================================
Received Import Request.
  Time since last request: 1.130274 seconds.
  path: Assets/Materials/Stylized/Brick/Wall.mat
  artifactKey: Guid(314502a8d18bf4196a487a3d4d0a2dc1) Importer(815301076,1909f56bfc062723c751e8b465ee728b)
Start importing Assets/Materials/Stylized/Brick/Wall.mat using Guid(314502a8d18bf4196a487a3d4d0a2dc1) Importer(815301076,1909f56bfc062723c751e8b465ee728b)  -> (artifact id: 'f25d781925830cd9acda1e622cc14d68') in 0.115479 seconds 
  Import took 0.121850 seconds .

========================================================================
Received Import Request.
  Time since last request: 13.402853 seconds.
  path: Assets/Materials/Stylized/Dirt/Dirt.mat
  artifactKey: Guid(5f33db5b243f24531948674e91103c15) Importer(815301076,1909f56bfc062723c751e8b465ee728b)
Start importing Assets/Materials/Stylized/Dirt/Dirt.mat using Guid(5f33db5b243f24531948674e91103c15) Importer(815301076,1909f56bfc062723c751e8b465ee728b)  -> (artifact id: '1bc6d6b14ff2425db4bb8aaba26d1de0') in 0.017820 seconds 
  Import took 0.022775 seconds .

========================================================================
Received Import Request.
  Time since last request: 31.536892 seconds.
  path: Assets/Materials/Stylized/Rock/Rock_Volcanic_C_AO.png
  artifactKey: Guid(510237fea2ab4704ab5c5a0b5946020a) Importer(815301076,1909f56bfc062723c751e8b465ee728b)
Start importing Assets/Materials/Stylized/Rock/Rock_Volcanic_C_AO.png using Guid(510237fea2ab4704ab5c5a0b5946020a) Importer(815301076,1909f56bfc062723c751e8b465ee728b)  -> (artifact id: '59d55888a5c41852632d9e8f91bc749b') in 0.015035 seconds 
  Import took 0.020610 seconds .

========================================================================
Received Import Request.
  Time since last request: 0.000235 seconds.
  path: Assets/Materials/Stylized/Rock/Rock_Volcanic_C_Metallic.png
  artifactKey: Guid(6f6d30f2b1eb4e04e8e9277f5fe0fde4) Importer(815301076,1909f56bfc062723c751e8b465ee728b)
Start importing Assets/Materials/Stylized/Rock/Rock_Volcanic_C_Metallic.png using Guid(6f6d30f2b1eb4e04e8e9277f5fe0fde4) Importer(815301076,1909f56bfc062723c751e8b465ee728b)  -> (artifact id: '7808f4d9ffa9b39d459782d5794acdf0') in 0.017425 seconds 
  Import took 0.022215 seconds .

========================================================================
Received Import Request.
  Time since last request: 0.000243 seconds.
  path: Assets/Materials/Stylized/Rock/Rock_Volcanic_C_Normal.png
  artifactKey: Guid(deca3a760cbc7544a905fd00cdef71e9) Importer(815301076,1909f56bfc062723c751e8b465ee728b)
Start importing Assets/Materials/Stylized/Rock/Rock_Volcanic_C_Normal.png using Guid(deca3a760cbc7544a905fd00cdef71e9) Importer(815301076,1909f56bfc062723c751e8b465ee728b)  -> (artifact id: '3de7962484ac80a0e376211e17daf8a1') in 0.041827 seconds 
  Import took 0.047538 seconds .

========================================================================
Received Import Request.
  Time since last request: 0.000217 seconds.
  path: Assets/Materials/Stylized/Rock/Rock_Volcanic_C_Basecolor.png
  artifactKey: Guid(feea2cf97829c484a9cecfa8a63aba3e) Importer(815301076,1909f56bfc062723c751e8b465ee728b)
Start importing Assets/Materials/Stylized/Rock/Rock_Volcanic_C_Basecolor.png using Guid(feea2cf97829c484a9cecfa8a63aba3e) Importer(815301076,1909f56bfc062723c751e8b465ee728b)  -> (artifact id: '1f746f0c4078e3ab1e2a6d2005a12795') in 0.014414 seconds 
  Import took 0.019572 seconds .

========================================================================
Received Import Request.
  Time since last request: 0.000227 seconds.
  path: Assets/Materials/Stylized/Rock/Rock_Volcanic_C_Height.png
  artifactKey: Guid(fc7bf058101db524e9667f074d338ab2) Importer(815301076,1909f56bfc062723c751e8b465ee728b)
Start importing Assets/Materials/Stylized/Rock/Rock_Volcanic_C_Height.png using Guid(fc7bf058101db524e9667f074d338ab2) Importer(815301076,1909f56bfc062723c751e8b465ee728b)  -> (artifact id: '7862e638336429a77b72e6d2450e2f71') in 0.015982 seconds 
  Import took 0.020992 seconds .

========================================================================
Received Import Request.
  Time since last request: 4.027244 seconds.
  path: Assets/Materials/Stylized/Grass/Grass.mat
  artifactKey: Guid(e4c61d0a79dfe4a689d980ff0f23b5b3) Importer(815301076,1909f56bfc062723c751e8b465ee728b)
Start importing Assets/Materials/Stylized/Grass/Grass.mat using Guid(e4c61d0a79dfe4a689d980ff0f23b5b3) Importer(815301076,1909f56bfc062723c751e8b465ee728b)  -> (artifact id: '75e399bd44856dbf9ba63af122b12167') in 0.038281 seconds 
  Import took 0.044952 seconds .

========================================================================
Received Import Request.
  Time since last request: 21.456960 seconds.
  path: Assets/Materials/Stylized/Rock/New Material.mat
  artifactKey: Guid(c5e216bd1f8d24cf1b5a215d56b7380a) Importer(815301076,1909f56bfc062723c751e8b465ee728b)
Start importing Assets/Materials/Stylized/Rock/New Material.mat using Guid(c5e216bd1f8d24cf1b5a215d56b7380a) Importer(815301076,1909f56bfc062723c751e8b465ee728b)  -> (artifact id: 'e065dd175968daa840e567cd0678d753') in 0.015426 seconds 
  Import took 0.020869 seconds .

========================================================================
Received Import Request.
  Time since last request: 329.725305 seconds.
  path: Assets/Materials/Stylized/Dirt/Dirt.mat
  artifactKey: Guid(5f33db5b243f24531948674e91103c15) Importer(815301076,1909f56bfc062723c751e8b465ee728b)
Start importing Assets/Materials/Stylized/Dirt/Dirt.mat using Guid(5f33db5b243f24531948674e91103c15) Importer(815301076,1909f56bfc062723c751e8b465ee728b)  -> (artifact id: '78a0ecb11498bdd78ccf7e155b5278d3') in 0.039327 seconds 
  Import took 0.046287 seconds .

========================================================================
Received Import Request.
  Time since last request: 20.074198 seconds.
  path: Assets/Materials/Stylized/Stone/Wall.mat
  artifactKey: Guid(8fa720caa5d69456ba295ad2e2bb9dca) Importer(815301076,1909f56bfc062723c751e8b465ee728b)
Start importing Assets/Materials/Stylized/Stone/Wall.mat using Guid(8fa720caa5d69456ba295ad2e2bb9dca) Importer(815301076,1909f56bfc062723c751e8b465ee728b)  -> (artifact id: '947c98f6e22ec735bcfa00f26435b152') in 0.016981 seconds 
  Import took 0.022115 seconds .

========================================================================
Received Import Request.
  Time since last request: 110.553207 seconds.
  path: Assets/Materials/Stylized/Rock/New Material.mat
  artifactKey: Guid(c5e216bd1f8d24cf1b5a215d56b7380a) Importer(815301076,1909f56bfc062723c751e8b465ee728b)
Start importing Assets/Materials/Stylized/Rock/New Material.mat using Guid(c5e216bd1f8d24cf1b5a215d56b7380a) Importer(815301076,1909f56bfc062723c751e8b465ee728b)  -> (artifact id: 'f5da6d4638f9a643f7cb06e28ab785f9') in 0.038692 seconds 
  Import took 0.045706 seconds .

========================================================================
Received Import Request.
  Time since last request: 51.228223 seconds.
  path: Assets/Materials/Special/Glow
  artifactKey: Guid(2bf7c868a757f9943ac17bbc491d4520) Importer(815301076,1909f56bfc062723c751e8b465ee728b)
Start importing Assets/Materials/Special/Glow using Guid(2bf7c868a757f9943ac17bbc491d4520) Importer(815301076,1909f56bfc062723c751e8b465ee728b)  -> (artifact id: 'dc3aa3d62e4eb5017b7b37aa1030ba7e') in 0.001590 seconds 
  Import took 0.008132 seconds .

========================================================================
Received Import Request.
  Time since last request: 0.000349 seconds.
  path: Assets/Materials/Special/Glow
  artifactKey: Guid(2bf7c868a757f9943ac17bbc491d4520) Importer(815301076,1909f56bfc062723c751e8b465ee728b)
Start importing Assets/Materials/Special/Glow using Guid(2bf7c868a757f9943ac17bbc491d4520) Importer(815301076,1909f56bfc062723c751e8b465ee728b)  -> (artifact id: 'dc3aa3d62e4eb5017b7b37aa1030ba7e') in 0.001130 seconds 
  Import took 0.006526 seconds .

========================================================================
Received Import Request.
  Time since last request: 0.059107 seconds.
  path: Assets/Materials/Special/Glow/Glow.jpg
  artifactKey: Guid(6f25d22a1d6bdc944a80c26dc13917aa) Importer(815301076,1909f56bfc062723c751e8b465ee728b)
Start importing Assets/Materials/Special/Glow/Glow.jpg using Guid(6f25d22a1d6bdc944a80c26dc13917aa) Importer(815301076,1909f56bfc062723c751e8b465ee728b)  -> (artifact id: 'a537929db5a50a45c98a0791340df25d') in 0.436877 seconds 
  Import took 0.441937 seconds .

