Unity Editor version:    2020.3.17f1 (a4537701e4ab)
Branch:                  2020.3/staging
Build type:              Release
Batch mode:              YES
macOS version:           Version 10.15.7 (Build 19H2)
Darwin version:          19.6.0
Architecture:            x86_64
Running under Rosetta:   NO
Available memory:        16384 MB
Using pre-set license
Pro License: NO

COMMAND LINE ARGUMENTS:
/Applications/Unity/Hub/Editor/2020.3.17f1/Unity.app/Contents/MacOS/Unity
-adb2
-batchMode
-noUpm
-name
AssetImportWorker0
-projectPath
/Users/apple/Desktop/Material_lab/LightingExercise
-logFile
Logs/AssetImportWorker0.log
-srvPort
58109
Successfully changed project path to: /Users/apple/Desktop/Material_lab/LightingExercise
/Users/apple/Desktop/Material_lab/LightingExercise
Using Asset Import Pipeline V2.
Refreshing native plugins compatible for Editor in 33.99 ms, found 2 plugins.
Preloading 0 native plugins for Editor in 0.00 ms.
Initialize engine version: 2020.3.17f1 (a4537701e4ab)
[Subsystems] Discovering subsystems at path /Applications/Unity/Hub/Editor/2020.3.17f1/Unity.app/Contents/Resources/UnitySubsystems
[Subsystems] Discovering subsystems at path /Users/apple/Desktop/Material_lab/LightingExercise/Assets
GfxDevice: creating device client; threaded=0
2021-09-14 19:14:33.426 Unity[83909:671155] Color LCD preferred device: AMD Radeon Pro 5300M (high power)
2021-09-14 19:14:33.426 Unity[83909:671155] Metal devices available: 2
2021-09-14 19:14:33.426 Unity[83909:671155] 0: AMD Radeon Pro 5300M (high power)
2021-09-14 19:14:33.426 Unity[83909:671155] 1: Intel(R) UHD Graphics 630 (low power)
2021-09-14 19:14:33.427 Unity[83909:671155] Using device AMD Radeon Pro 5300M (high power)
Initializing Metal device caps: AMD Radeon Pro 5300M
Initialize mono
Mono path[0] = '/Applications/Unity/Hub/Editor/2020.3.17f1/Unity.app/Contents/Managed'
Mono path[1] = '/Applications/Unity/Hub/Editor/2020.3.17f1/Unity.app/Contents/MonoBleedingEdge/lib/mono/unityjit'
Mono config path = '/Applications/Unity/Hub/Editor/2020.3.17f1/Unity.app/Contents/MonoBleedingEdge/etc'
Using monoOptions --debugger-agent=transport=dt_socket,embedding=1,server=y,suspend=n,address=127.0.0.1:56909
Begin MonoManager ReloadAssembly
Registering precompiled unity dll's ...
Register platform support module: /Applications/Unity/Hub/Editor/2020.3.17f1/Unity.app/Contents/PlaybackEngines/MacStandaloneSupport/UnityEditor.OSXStandalone.Extensions.dll
Registered in 0.002583 seconds.
Native extension for OSXStandalone target not found
Refreshing native plugins compatible for Editor in 25.81 ms, found 2 plugins.
Preloading 0 native plugins for Editor in 0.00 ms.
Mono: successfully reloaded assembly
- Completed reload, in  2.179 seconds
Domain Reload Profiling:
	ReloadAssembly (2179ms)
		BeginReloadAssembly (45ms)
			ExecutionOrderSort (0ms)
			DisableScriptedObjects (0ms)
			BackupInstance (0ms)
			ReleaseScriptingObjects (0ms)
			CreateAndSetChildDomain (1ms)
		EndReloadAssembly (446ms)
			LoadAssemblies (47ms)
			RebuildTransferFunctionScriptingTraits (0ms)
			SetupTypeCache (179ms)
			ReleaseScriptCaches (0ms)
			RebuildScriptCaches (38ms)
			SetupLoadedEditorAssemblies (177ms)
				LogAssemblyErrors (0ms)
				InitializePlatformSupportModulesInManaged (4ms)
				SetLoadedEditorAssemblies (0ms)
				RefreshPlugins (26ms)
				BeforeProcessingInitializeOnLoad (30ms)
				ProcessInitializeOnLoadAttributes (88ms)
				ProcessInitializeOnLoadMethodAttributes (30ms)
				AfterProcessingInitializeOnLoad (0ms)
				EditorAssembliesLoaded (0ms)
			ExecutionOrderSort2 (0ms)
			AwakeInstancesAfterBackupRestoration (0ms)
Platform modules already initialized, skipping
Registering precompiled user dll's ...
Registered in 0.007897 seconds.
Begin MonoManager ReloadAssembly
Native extension for OSXStandalone target not found
Refreshing native plugins compatible for Editor in 0.29 ms, found 2 plugins.
Preloading 0 native plugins for Editor in 0.00 ms.
Mono: successfully reloaded assembly
- Completed reload, in  1.209 seconds
Domain Reload Profiling:
	ReloadAssembly (1210ms)
		BeginReloadAssembly (166ms)
			ExecutionOrderSort (0ms)
			DisableScriptedObjects (5ms)
			BackupInstance (0ms)
			ReleaseScriptingObjects (0ms)
			CreateAndSetChildDomain (33ms)
		EndReloadAssembly (975ms)
			LoadAssemblies (97ms)
			RebuildTransferFunctionScriptingTraits (0ms)
			SetupTypeCache (337ms)
			ReleaseScriptCaches (0ms)
			RebuildScriptCaches (55ms)
			SetupLoadedEditorAssemblies (373ms)
				LogAssemblyErrors (0ms)
				InitializePlatformSupportModulesInManaged (5ms)
				SetLoadedEditorAssemblies (0ms)
				RefreshPlugins (0ms)
				BeforeProcessingInitializeOnLoad (74ms)
				ProcessInitializeOnLoadAttributes (288ms)
				ProcessInitializeOnLoadMethodAttributes (5ms)
				AfterProcessingInitializeOnLoad (1ms)
				EditorAssembliesLoaded (0ms)
			ExecutionOrderSort2 (0ms)
			AwakeInstancesAfterBackupRestoration (7ms)
Platform modules already initialized, skipping
Validating Project structure ... 0.003526 seconds.
Shader import version has changed; will reimport all shaders...
Upgrading shader files ...0.004150 seconds.
Application.AssetDatabase Initial Script Refresh Start
RefreshInfo: InitialScriptRefreshV2(NoUpdateAssetOptions) scanfilter:  ... 1 filters
RefreshProfiler: Total: 0.000ms
Application.AssetDatabase Initial Script Refresh End
Application.AssetDatabase.Refresh Start
Application.AssetDatabase.Refresh End
RefreshInfo: StopAssetImportingV2(ForceSynchronousImport) scanfilter: 
RefreshProfiler: Total: 0.000ms
Launching external process: /Applications/Unity/Hub/Editor/2020.3.17f1/Unity.app/Contents/Tools/UnityShaderCompiler
Launched and connected shader compiler UnityShaderCompiler after 0.01 seconds
Initializing Unity extensions:
========================================================================
Worker process is ready to serve import requests
Refreshing native plugins compatible for Editor in 0.32 ms, found 2 plugins.
Preloading 0 native plugins for Editor in 0.00 ms.
Unloading 1409 Unused Serialized files (Serialized files now loaded: 0)
System memory in use before: 161.8 MB.
System memory in use after: 160.9 MB.

Unloading 86 unused Assets to reduce memory usage. Loaded Objects now: 1881.
Total: 3.724236 ms (FindLiveObjects: 0.157760 ms CreateObjectMapping: 0.046535 ms MarkObjects: 2.984250 ms  DeleteObjects: 0.534621 ms)

AssetImportParameters requested are different than current active one (requested -> active):
  custom:video-decoder-ogg-theora: a1e56fd34408186e4bbccfd4996cb3dc -> 
  custom:container-muxer-webm: aa71ff27fc2769a1b78a27578f13a17b -> 
  custom:container-demuxer-webm: 4f35f7cbe854078d1ac9338744f61a02 -> 
  custom:container-demuxer-ogg: 62fdf1f143b41e24485cea50d1cbac27 -> 
  custom:video-encoder-webm-vp8: eb34c28f22e8b96e1ab97ce403110664 -> 
  custom:framework-osx-AVFoundation: b23960f63f64bdc6ff669e2cdcee2391 -> 
  custom:video-decoder-webm-vp8: 9c59270c3fd7afecdb556c50c9e8de78 -> 
  custom:audio-decoder-ogg-vorbis: bf7c407c2cedff20999df2af8eb42d56 -> 
  custom:audio-encoder-webm-vorbis: bf7c407c2cedff20999df2af8eb42d56 -> 
========================================================================
Received Import Request.
  path: Assets/Scenes/Lighting.unity
  artifactKey: Guid(1b9ba3915e51c7c49b174c9c1b898776) Importer(815301076,1909f56bfc062723c751e8b465ee728b)
Start importing Assets/Scenes/Lighting.unity using Guid(1b9ba3915e51c7c49b174c9c1b898776) Importer(815301076,1909f56bfc062723c751e8b465ee728b)  -> (artifact id: '85ea2614ca035b0b78f52ccd8bd41884') in 0.011479 seconds 
  Import took 0.013953 seconds .

========================================================================
Received Prepare
Registering precompiled user dll's ...
Registered in 0.007768 seconds.
Begin MonoManager ReloadAssembly
Native extension for OSXStandalone target not found
Refreshing native plugins compatible for Editor in 0.31 ms, found 2 plugins.
Preloading 0 native plugins for Editor in 0.00 ms.
Mono: successfully reloaded assembly
- Completed reload, in  1.134 seconds
Domain Reload Profiling:
	ReloadAssembly (1134ms)
		BeginReloadAssembly (141ms)
			ExecutionOrderSort (0ms)
			DisableScriptedObjects (5ms)
			BackupInstance (0ms)
			ReleaseScriptingObjects (0ms)
			CreateAndSetChildDomain (64ms)
		EndReloadAssembly (927ms)
			LoadAssemblies (113ms)
			RebuildTransferFunctionScriptingTraits (0ms)
			SetupTypeCache (294ms)
			ReleaseScriptCaches (1ms)
			RebuildScriptCaches (45ms)
			SetupLoadedEditorAssemblies (369ms)
				LogAssemblyErrors (0ms)
				InitializePlatformSupportModulesInManaged (5ms)
				SetLoadedEditorAssemblies (0ms)
				RefreshPlugins (0ms)
				BeforeProcessingInitializeOnLoad (99ms)
				ProcessInitializeOnLoadAttributes (259ms)
				ProcessInitializeOnLoadMethodAttributes (4ms)
				AfterProcessingInitializeOnLoad (1ms)
				EditorAssembliesLoaded (0ms)
			ExecutionOrderSort2 (0ms)
			AwakeInstancesAfterBackupRestoration (7ms)
Platform modules already initialized, skipping
Refreshing native plugins compatible for Editor in 0.32 ms, found 2 plugins.
Preloading 0 native plugins for Editor in 0.00 ms.
Unloading 1521 Unused Serialized files (Serialized files now loaded: 0)
System memory in use before: 165.2 MB.
System memory in use after: 165.3 MB.

Unloading 18 unused Assets to reduce memory usage. Loaded Objects now: 1999.
Total: 2.848068 ms (FindLiveObjects: 0.140775 ms CreateObjectMapping: 0.043826 ms MarkObjects: 2.594337 ms  DeleteObjects: 0.068340 ms)

AssetImportParameters requested are different than current active one (requested -> active):
  custom:video-decoder-ogg-theora: a1e56fd34408186e4bbccfd4996cb3dc -> 
  custom:container-muxer-webm: aa71ff27fc2769a1b78a27578f13a17b -> 
  custom:container-demuxer-webm: 4f35f7cbe854078d1ac9338744f61a02 -> 
  custom:container-demuxer-ogg: 62fdf1f143b41e24485cea50d1cbac27 -> 
  custom:video-encoder-webm-vp8: eb34c28f22e8b96e1ab97ce403110664 -> 
  custom:framework-osx-AVFoundation: b23960f63f64bdc6ff669e2cdcee2391 -> 
  custom:video-decoder-webm-vp8: 9c59270c3fd7afecdb556c50c9e8de78 -> 
  custom:audio-decoder-ogg-vorbis: bf7c407c2cedff20999df2af8eb42d56 -> 
  custom:audio-encoder-webm-vorbis: bf7c407c2cedff20999df2af8eb42d56 -> 
========================================================================
Received Prepare
Registering precompiled user dll's ...
Registered in 0.013280 seconds.
Begin MonoManager ReloadAssembly
Native extension for OSXStandalone target not found
Refreshing native plugins compatible for Editor in 0.36 ms, found 2 plugins.
Preloading 0 native plugins for Editor in 0.00 ms.
Mono: successfully reloaded assembly
- Completed reload, in  1.147 seconds
Domain Reload Profiling:
	ReloadAssembly (1147ms)
		BeginReloadAssembly (142ms)
			ExecutionOrderSort (0ms)
			DisableScriptedObjects (5ms)
			BackupInstance (0ms)
			ReleaseScriptingObjects (0ms)
			CreateAndSetChildDomain (69ms)
		EndReloadAssembly (940ms)
			LoadAssemblies (89ms)
			RebuildTransferFunctionScriptingTraits (0ms)
			SetupTypeCache (307ms)
			ReleaseScriptCaches (1ms)
			RebuildScriptCaches (48ms)
			SetupLoadedEditorAssemblies (390ms)
				LogAssemblyErrors (0ms)
				InitializePlatformSupportModulesInManaged (4ms)
				SetLoadedEditorAssemblies (0ms)
				RefreshPlugins (0ms)
				BeforeProcessingInitializeOnLoad (112ms)
				ProcessInitializeOnLoadAttributes (268ms)
				ProcessInitializeOnLoadMethodAttributes (4ms)
				AfterProcessingInitializeOnLoad (1ms)
				EditorAssembliesLoaded (0ms)
			ExecutionOrderSort2 (0ms)
			AwakeInstancesAfterBackupRestoration (7ms)
Platform modules already initialized, skipping
Refreshing native plugins compatible for Editor in 0.40 ms, found 2 plugins.
Preloading 0 native plugins for Editor in 0.00 ms.
Unloading 1869 Unused Serialized files (Serialized files now loaded: 0)
System memory in use before: 183.0 MB.
System memory in use after: 180.7 MB.

Unloading 40 unused Assets to reduce memory usage. Loaded Objects now: 2327.
Total: 4.938598 ms (FindLiveObjects: 0.178533 ms CreateObjectMapping: 0.066666 ms MarkObjects: 2.799766 ms  DeleteObjects: 1.892767 ms)

AssetImportParameters requested are different than current active one (requested -> active):
  custom:video-decoder-ogg-theora: a1e56fd34408186e4bbccfd4996cb3dc -> 
  custom:container-muxer-webm: aa71ff27fc2769a1b78a27578f13a17b -> 
  custom:container-demuxer-webm: 4f35f7cbe854078d1ac9338744f61a02 -> 
  custom:container-demuxer-ogg: 62fdf1f143b41e24485cea50d1cbac27 -> 
  custom:video-encoder-webm-vp8: eb34c28f22e8b96e1ab97ce403110664 -> 
  custom:framework-osx-AVFoundation: b23960f63f64bdc6ff669e2cdcee2391 -> 
  custom:video-decoder-webm-vp8: 9c59270c3fd7afecdb556c50c9e8de78 -> 
  custom:audio-decoder-ogg-vorbis: bf7c407c2cedff20999df2af8eb42d56 -> 
  custom:audio-encoder-webm-vorbis: bf7c407c2cedff20999df2af8eb42d56 -> 
========================================================================
Received Prepare
Registering precompiled user dll's ...
Registered in 0.009240 seconds.
Begin MonoManager ReloadAssembly
Native extension for OSXStandalone target not found
Refreshing native plugins compatible for Editor in 125.40 ms, found 2 plugins.
Preloading 0 native plugins for Editor in 0.00 ms.
Mono: successfully reloaded assembly
- Completed reload, in  2.767 seconds
Domain Reload Profiling:
	ReloadAssembly (2768ms)
		BeginReloadAssembly (254ms)
			ExecutionOrderSort (0ms)
			DisableScriptedObjects (9ms)
			BackupInstance (0ms)
			ReleaseScriptingObjects (0ms)
			CreateAndSetChildDomain (131ms)
		EndReloadAssembly (2374ms)
			LoadAssemblies (169ms)
			RebuildTransferFunctionScriptingTraits (0ms)
			SetupTypeCache (1027ms)
			ReleaseScriptCaches (2ms)
			RebuildScriptCaches (136ms)
			SetupLoadedEditorAssemblies (695ms)
				LogAssemblyErrors (0ms)
				InitializePlatformSupportModulesInManaged (8ms)
				SetLoadedEditorAssemblies (0ms)
				RefreshPlugins (125ms)
				BeforeProcessingInitializeOnLoad (273ms)
				ProcessInitializeOnLoadAttributes (282ms)
				ProcessInitializeOnLoadMethodAttributes (4ms)
				AfterProcessingInitializeOnLoad (1ms)
				EditorAssembliesLoaded (0ms)
			ExecutionOrderSort2 (0ms)
			AwakeInstancesAfterBackupRestoration (7ms)
Platform modules already initialized, skipping
Shader 'Universal Render Pipeline/Nature/SpeedTree7': dependency 'BillboardShader' shader 'Universal Render Pipeline/Nature/SpeedTree7 Billboard' not found
Shader 'Universal Render Pipeline/Baked Lit': fallback shader 'Universal Render Pipeline/Unlit' not found
Shader 'Universal Render Pipeline/Simple Lit': fallback shader 'Hidden/Universal Render Pipeline/FallbackError' not found
Shader 'Universal Render Pipeline/Terrain/Lit': fallback shader 'Hidden/Universal Render Pipeline/FallbackError' not found
Shader 'Universal Render Pipeline/Terrain/Lit': dependency 'AddPassShader' shader 'Hidden/Universal Render Pipeline/Terrain/Lit (Add Pass)' not found
Shader 'Universal Render Pipeline/Terrain/Lit': dependency 'BaseMapShader' shader 'Hidden/Universal Render Pipeline/Terrain/Lit (Base Pass)' not found
Shader 'Universal Render Pipeline/Terrain/Lit': dependency 'BaseMapGenShader' shader 'Hidden/Universal Render Pipeline/Terrain/Lit (Basemap Gen)' not found
Shader 'Hidden/Universal Render Pipeline/Terrain/Lit (Add Pass)': fallback shader 'Hidden/Universal Render Pipeline/FallbackError' not found
Shader 'Hidden/Universal Render Pipeline/Terrain/Lit (Base Pass)': fallback shader 'Hidden/Universal Render Pipeline/FallbackError' not found
Refreshing native plugins compatible for Editor in 0.52 ms, found 2 plugins.
Preloading 0 native plugins for Editor in 0.00 ms.
Unloading 3125 Unused Serialized files (Serialized files now loaded: 0)
System memory in use before: 247.0 MB.
System memory in use after: 240.4 MB.

Unloading 97 unused Assets to reduce memory usage. Loaded Objects now: 3529.
Total: 8.706850 ms (FindLiveObjects: 0.315660 ms CreateObjectMapping: 0.170073 ms MarkObjects: 3.291785 ms  DeleteObjects: 4.928337 ms)

AssetImportParameters requested are different than current active one (requested -> active):
  custom:video-decoder-ogg-theora: a1e56fd34408186e4bbccfd4996cb3dc -> 
  custom:container-muxer-webm: aa71ff27fc2769a1b78a27578f13a17b -> 
  custom:container-demuxer-webm: 4f35f7cbe854078d1ac9338744f61a02 -> 
  custom:container-demuxer-ogg: 62fdf1f143b41e24485cea50d1cbac27 -> 
  custom:video-encoder-webm-vp8: eb34c28f22e8b96e1ab97ce403110664 -> 
  custom:framework-osx-AVFoundation: b23960f63f64bdc6ff669e2cdcee2391 -> 
  custom:video-decoder-webm-vp8: 9c59270c3fd7afecdb556c50c9e8de78 -> 
  custom:audio-decoder-ogg-vorbis: bf7c407c2cedff20999df2af8eb42d56 -> 
  custom:audio-encoder-webm-vorbis: bf7c407c2cedff20999df2af8eb42d56 -> 
========================================================================
Received Import Request.
  Time since last request: 659.717999 seconds.
  path: Assets
  artifactKey: Guid(00000000000000001000000000000000) Importer(815301076,1909f56bfc062723c751e8b465ee728b)
Start importing Assets using Guid(00000000000000001000000000000000) Importer(815301076,1909f56bfc062723c751e8b465ee728b)  -> (artifact id: '42d402b061de3733987d63b9cc3b64de') in 0.005924 seconds 
  Import took 0.011188 seconds .

========================================================================
Received Import Request.
  Time since last request: 0.000592 seconds.
  path: Assets
  artifactKey: Guid(00000000000000001000000000000000) Importer(815301076,1909f56bfc062723c751e8b465ee728b)
Start importing Assets using Guid(00000000000000001000000000000000) Importer(815301076,1909f56bfc062723c751e8b465ee728b)  -> (artifact id: '42d402b061de3733987d63b9cc3b64de') in 0.001044 seconds 
  Import took 0.005556 seconds .

========================================================================
Received Import Request.
  Time since last request: 9.901000 seconds.
  path: Assets/UniversalRenderPipelineAsset.asset
  artifactKey: Guid(d2aab69f6742447e3871017f2e44e4ab) Importer(815301076,1909f56bfc062723c751e8b465ee728b)
Start importing Assets/UniversalRenderPipelineAsset.asset using Guid(d2aab69f6742447e3871017f2e44e4ab) Importer(815301076,1909f56bfc062723c751e8b465ee728b)  -> (artifact id: 'c7eedac07b6e824c487a1a7087784848') in 0.288021 seconds 
  Import took 0.293805 seconds .

========================================================================
Received Import Request.
  Time since last request: 0.002782 seconds.
  path: Assets/UniversalRenderPipelineAsset_Renderer.asset
  artifactKey: Guid(5ab77a140eb3f4bb9962c37647d58106) Importer(815301076,1909f56bfc062723c751e8b465ee728b)
Start importing Assets/UniversalRenderPipelineAsset_Renderer.asset using Guid(5ab77a140eb3f4bb9962c37647d58106) Importer(815301076,1909f56bfc062723c751e8b465ee728b)  -> (artifact id: '4c277aa2ed75a9e830d622edaa88a7ed') in 0.027113 seconds 
  Import took 0.033156 seconds .

========================================================================
Received Prepare
Switching render pipeline 00000000000000000000000000000000 -> d2aab69f6742447e3871017f2e44e4ab
Refreshing native plugins compatible for Editor in 7.31 ms, found 2 plugins.
Preloading 0 native plugins for Editor in 0.00 ms.
Unloading 143 Unused Serialized files (Serialized files now loaded: 0)
System memory in use before: 197.0 MB.
System memory in use after: 191.4 MB.

Unloading 75 unused Assets to reduce memory usage. Loaded Objects now: 3597.
Total: 7.588317 ms (FindLiveObjects: 0.284669 ms CreateObjectMapping: 0.153795 ms MarkObjects: 3.512630 ms  DeleteObjects: 3.636566 ms)

AssetImportParameters requested are different than current active one (requested -> active):
  custom:video-decoder-ogg-theora: a1e56fd34408186e4bbccfd4996cb3dc -> 
  custom:container-muxer-webm: aa71ff27fc2769a1b78a27578f13a17b -> 
  custom:container-demuxer-webm: 4f35f7cbe854078d1ac9338744f61a02 -> 
  custom:container-demuxer-ogg: 62fdf1f143b41e24485cea50d1cbac27 -> 
  custom:video-encoder-webm-vp8: eb34c28f22e8b96e1ab97ce403110664 -> 
  custom:framework-osx-AVFoundation: b23960f63f64bdc6ff669e2cdcee2391 -> 
  custom:video-decoder-webm-vp8: 9c59270c3fd7afecdb556c50c9e8de78 -> 
  custom:audio-decoder-ogg-vorbis: bf7c407c2cedff20999df2af8eb42d56 -> 
  custom:audio-encoder-webm-vorbis: bf7c407c2cedff20999df2af8eb42d56 -> 
========================================================================
Received Import Request.
  Time since last request: 416.639520 seconds.
  path: Assets/UniversalRenderPipelineAsset.asset
  artifactKey: Guid(d2aab69f6742447e3871017f2e44e4ab) Importer(815301076,1909f56bfc062723c751e8b465ee728b)
Start importing Assets/UniversalRenderPipelineAsset.asset using Guid(d2aab69f6742447e3871017f2e44e4ab) Importer(815301076,1909f56bfc062723c751e8b465ee728b)  -> (artifact id: '97934bea272263a2dfba5191fa029746') in 0.003292 seconds 
  Import took 0.007812 seconds .

========================================================================
Received Import Request.
  Time since last request: 0.000224 seconds.
  path: Assets/UniversalRenderPipelineAsset_Renderer.asset
  artifactKey: Guid(5ab77a140eb3f4bb9962c37647d58106) Importer(815301076,1909f56bfc062723c751e8b465ee728b)
Start importing Assets/UniversalRenderPipelineAsset_Renderer.asset using Guid(5ab77a140eb3f4bb9962c37647d58106) Importer(815301076,1909f56bfc062723c751e8b465ee728b)  -> (artifact id: '5eead6a56d96220151687c86c44303c4') in 0.002757 seconds 
  Import took 0.007255 seconds .

========================================================================
Received Import Request.
  Time since last request: 6149.778020 seconds.
  path: Assets/AllSkyFree/Cold Night/Cold Night Equirect.mat
  artifactKey: Guid(eac2ef371405749e0bd050b4c3272f16) Importer(815301076,1909f56bfc062723c751e8b465ee728b)
Start importing Assets/AllSkyFree/Cold Night/Cold Night Equirect.mat using Guid(eac2ef371405749e0bd050b4c3272f16) Importer(815301076,1909f56bfc062723c751e8b465ee728b)  -> (artifact id: '0dff2782ee7459d9c32ae1d232738cd8') in 0.794293 seconds 
  Import took 0.821540 seconds .

========================================================================
Received Import Request.
  Time since last request: 0.003293 seconds.
  path: Assets/AllSkyFree/Cold Night/Cold Night Equirect.png
  artifactKey: Guid(97259d0c0ea9f491692be825da27978a) Importer(815301076,1909f56bfc062723c751e8b465ee728b)
Start importing Assets/AllSkyFree/Cold Night/Cold Night Equirect.png using Guid(97259d0c0ea9f491692be825da27978a) Importer(815301076,1909f56bfc062723c751e8b465ee728b)  -> (artifact id: '09568c4a4c4799ef016195786f585052') in 0.776543 seconds 
  Import took 0.786111 seconds .

========================================================================
Received Import Request.
  Time since last request: 0.003480 seconds.
  path: Assets/AllSkyFree/Cold Night/Cold Night Equirect.mat
  artifactKey: Guid(eac2ef371405749e0bd050b4c3272f16) Importer(815301076,1909f56bfc062723c751e8b465ee728b)
Start importing Assets/AllSkyFree/Cold Night/Cold Night Equirect.mat using Guid(eac2ef371405749e0bd050b4c3272f16) Importer(815301076,1909f56bfc062723c751e8b465ee728b)  -> (artifact id: '0dff2782ee7459d9c32ae1d232738cd8') in 0.045069 seconds 
  Import took 0.054092 seconds .

========================================================================
Received Import Request.
  Time since last request: 0.000281 seconds.
  path: Assets/AllSkyFree/Cold Night/Cold Night Equirect.png
  artifactKey: Guid(97259d0c0ea9f491692be825da27978a) Importer(815301076,1909f56bfc062723c751e8b465ee728b)
Start importing Assets/AllSkyFree/Cold Night/Cold Night Equirect.png using Guid(97259d0c0ea9f491692be825da27978a) Importer(815301076,1909f56bfc062723c751e8b465ee728b)  -> (artifact id: '09568c4a4c4799ef016195786f585052') in 0.285569 seconds 
  Import took 0.294170 seconds .

========================================================================
Received Import Request.
  Time since last request: 1655.082049 seconds.
  path: Assets/AtmosphericHouse/Prefabs/Props/Books/Book_set_A.prefab
  artifactKey: Guid(32dcbaaa101c3994fb8fd0451ab2c5a7) Importer(815301076,1909f56bfc062723c751e8b465ee728b)
Start importing Assets/AtmosphericHouse/Prefabs/Props/Books/Book_set_A.prefab using Guid(32dcbaaa101c3994fb8fd0451ab2c5a7) Importer(815301076,1909f56bfc062723c751e8b465ee728b)  -> (artifact id: '25e4b4b1a7a14403f08a8c980b86a6cb') in 0.399703 seconds 
  Import took 0.410483 seconds .

========================================================================
Received Import Request.
  Time since last request: 0.002855 seconds.
  path: Assets/AtmosphericHouse/Prefabs/Props/Basement_props/Cardboard_box_B.prefab
  artifactKey: Guid(a951786b6457aac4b89ada0f6d59384e) Importer(815301076,1909f56bfc062723c751e8b465ee728b)
Start importing Assets/AtmosphericHouse/Prefabs/Props/Basement_props/Cardboard_box_B.prefab using Guid(a951786b6457aac4b89ada0f6d59384e) Importer(815301076,1909f56bfc062723c751e8b465ee728b)  -> (artifact id: '63e2518e57886579a107b5788563d43b') in 0.076221 seconds 
  Import took 0.083664 seconds .

========================================================================
Received Import Request.
  Time since last request: 0.000268 seconds.
  path: Assets/AtmosphericHouse/Prefabs/Props/Books/Book_set_F.prefab
  artifactKey: Guid(f208deff097f892498e90b1b27e1157d) Importer(815301076,1909f56bfc062723c751e8b465ee728b)
Start importing Assets/AtmosphericHouse/Prefabs/Props/Books/Book_set_F.prefab using Guid(f208deff097f892498e90b1b27e1157d) Importer(815301076,1909f56bfc062723c751e8b465ee728b)  -> (artifact id: '13c5126ce834fc4de01a22a02891e54e') in 0.069940 seconds 
  Import took 0.077531 seconds .

========================================================================
Received Import Request.
  Time since last request: 0.000236 seconds.
  path: Assets/AtmosphericHouse/Prefabs/Props/Furniture/Bookcase_B.prefab
  artifactKey: Guid(72698ba53930b834099f798d6448f0d0) Importer(815301076,1909f56bfc062723c751e8b465ee728b)
Start importing Assets/AtmosphericHouse/Prefabs/Props/Furniture/Bookcase_B.prefab using Guid(72698ba53930b834099f798d6448f0d0) Importer(815301076,1909f56bfc062723c751e8b465ee728b)  -> (artifact id: '6f2f65085d713720ffb8e4c47fd581cb') in 0.043319 seconds 
  Import took 0.050110 seconds .

========================================================================
Received Import Request.
  Time since last request: 0.000250 seconds.
  path: Assets/AtmosphericHouse/Prefabs/Props/Electronics/Computer_central_unit.prefab
  artifactKey: Guid(a8e8a393ff20f154aa856b47e0e3870e) Importer(815301076,1909f56bfc062723c751e8b465ee728b)
Start importing Assets/AtmosphericHouse/Prefabs/Props/Electronics/Computer_central_unit.prefab using Guid(a8e8a393ff20f154aa856b47e0e3870e) Importer(815301076,1909f56bfc062723c751e8b465ee728b)  -> (artifact id: '2daa3f21a76a9f80d7d060bb33276f80') in 0.042373 seconds 
  Import took 0.049681 seconds .

========================================================================
Received Import Request.
  Time since last request: 0.000305 seconds.
  path: Assets/AtmosphericHouse/Prefabs/Props/Carpets/Carpet_persian_A.prefab
  artifactKey: Guid(6806de9678543d54c8a4b2f0cdbc5f3a) Importer(815301076,1909f56bfc062723c751e8b465ee728b)
Start importing Assets/AtmosphericHouse/Prefabs/Props/Carpets/Carpet_persian_A.prefab using Guid(6806de9678543d54c8a4b2f0cdbc5f3a) Importer(815301076,1909f56bfc062723c751e8b465ee728b)  -> (artifact id: 'a06713212560d19fa227014a853f6474') in 0.045947 seconds 
  Import took 0.052604 seconds .

========================================================================
Received Import Request.
  Time since last request: 0.000265 seconds.
  path: Assets/AtmosphericHouse/Prefabs/Props/Basement_props/Cardboard_box_E.prefab
  artifactKey: Guid(9f3e1511894f78a4d993d142602ece9e) Importer(815301076,1909f56bfc062723c751e8b465ee728b)
Start importing Assets/AtmosphericHouse/Prefabs/Props/Basement_props/Cardboard_box_E.prefab using Guid(9f3e1511894f78a4d993d142602ece9e) Importer(815301076,1909f56bfc062723c751e8b465ee728b)  -> (artifact id: 'b490335948f8e15e08c9f57d14f8b39a') in 0.036270 seconds 
  Import took 0.043343 seconds .

========================================================================
Received Import Request.
  Time since last request: 0.000274 seconds.
  path: Assets/AtmosphericHouse/Prefabs/Props/Basement_props/Cardboard_box_A.prefab
  artifactKey: Guid(a6c6aa7bba19ab84288c89e2a633f0c7) Importer(815301076,1909f56bfc062723c751e8b465ee728b)
Start importing Assets/AtmosphericHouse/Prefabs/Props/Basement_props/Cardboard_box_A.prefab using Guid(a6c6aa7bba19ab84288c89e2a633f0c7) Importer(815301076,1909f56bfc062723c751e8b465ee728b)  -> (artifact id: '8f45b188e1b45dc6d5b9ce01c0107233') in 0.038872 seconds 
  Import took 0.045584 seconds .

========================================================================
Received Import Request.
  Time since last request: 0.000337 seconds.
  path: Assets/AtmosphericHouse/Prefabs/Props/Books/Book_set_G.prefab
  artifactKey: Guid(8152b494621653c4e8631ed9fd77684e) Importer(815301076,1909f56bfc062723c751e8b465ee728b)
Start importing Assets/AtmosphericHouse/Prefabs/Props/Books/Book_set_G.prefab using Guid(8152b494621653c4e8631ed9fd77684e) Importer(815301076,1909f56bfc062723c751e8b465ee728b)  -> (artifact id: '1c37ff4303bc0d846d1a7e765dcaf9b4') in 0.052226 seconds 
  Import took 0.060387 seconds .

========================================================================
Received Import Request.
  Time since last request: 0.000289 seconds.
  path: Assets/AtmosphericHouse/Prefabs/Props/Furniture/Chair_wooden.prefab
  artifactKey: Guid(482e03448ead48d448b3bad3961323ae) Importer(815301076,1909f56bfc062723c751e8b465ee728b)
Start importing Assets/AtmosphericHouse/Prefabs/Props/Furniture/Chair_wooden.prefab using Guid(482e03448ead48d448b3bad3961323ae) Importer(815301076,1909f56bfc062723c751e8b465ee728b)  -> (artifact id: '4902ec020a64c81d230bf4015857776b') in 0.065338 seconds 
  Import took 0.072255 seconds .

========================================================================
Received Import Request.
  Time since last request: 0.000288 seconds.
  path: Assets/AtmosphericHouse/Prefabs/Props/Carpets/Carpet_persian_B.prefab
  artifactKey: Guid(326d954919ae7514a9507d1c514d4f3f) Importer(815301076,1909f56bfc062723c751e8b465ee728b)
Start importing Assets/AtmosphericHouse/Prefabs/Props/Carpets/Carpet_persian_B.prefab using Guid(326d954919ae7514a9507d1c514d4f3f) Importer(815301076,1909f56bfc062723c751e8b465ee728b)  -> (artifact id: 'abcd67182cf52936326e2dc2fbdf4a78') in 0.039119 seconds 
  Import took 0.047419 seconds .

========================================================================
Received Import Request.
  Time since last request: 0.157119 seconds.
  path: Assets/AtmosphericHouse/Prefabs/Props/Electronics/Computer_keyboard.prefab
  artifactKey: Guid(8ecc689b945a37146837b24399a17dec) Importer(815301076,1909f56bfc062723c751e8b465ee728b)
Start importing Assets/AtmosphericHouse/Prefabs/Props/Electronics/Computer_keyboard.prefab using Guid(8ecc689b945a37146837b24399a17dec) Importer(815301076,1909f56bfc062723c751e8b465ee728b)  -> (artifact id: 'b0a697d3d22072559f7c1cf118b57f7b') in 0.036743 seconds 
  Import took 0.044021 seconds .

========================================================================
Received Import Request.
  Time since last request: 0.000329 seconds.
  path: Assets/AtmosphericHouse/Prefabs/Props/Electronics/Computer_mousepad.prefab
  artifactKey: Guid(f70d9393a9629594789a442e47a124d4) Importer(815301076,1909f56bfc062723c751e8b465ee728b)
Start importing Assets/AtmosphericHouse/Prefabs/Props/Electronics/Computer_mousepad.prefab using Guid(f70d9393a9629594789a442e47a124d4) Importer(815301076,1909f56bfc062723c751e8b465ee728b)  -> (artifact id: '5557cc55f2d53742bb6af0628f75db68') in 0.037779 seconds 
  Import took 0.046227 seconds .

========================================================================
Received Import Request.
  Time since last request: 0.000297 seconds.
  path: Packages/com.unity.render-pipelines.core/Runtime/Debugging/Prefabs/Widgets/DebugUI EnumHistory.prefab
  artifactKey: Guid(b2da6b27df236b144b3516ed8e7d36ac) Importer(815301076,1909f56bfc062723c751e8b465ee728b)
Start importing Packages/com.unity.render-pipelines.core/Runtime/Debugging/Prefabs/Widgets/DebugUI EnumHistory.prefab using Guid(b2da6b27df236b144b3516ed8e7d36ac) Importer(815301076,1909f56bfc062723c751e8b465ee728b)  -> (artifact id: '3919640380ad5762790190e1e53a785d') in 0.020839 seconds 
  Import took 0.026331 seconds .

========================================================================
Received Import Request.
  Time since last request: 0.000265 seconds.
  path: Assets/AtmosphericHouse/Prefabs/Props/Electronics/Computer_mouse.prefab
  artifactKey: Guid(2365af3534100904fbbab73002d0c5c6) Importer(815301076,1909f56bfc062723c751e8b465ee728b)
Start importing Assets/AtmosphericHouse/Prefabs/Props/Electronics/Computer_mouse.prefab using Guid(2365af3534100904fbbab73002d0c5c6) Importer(815301076,1909f56bfc062723c751e8b465ee728b)  -> (artifact id: 'e3625a6a4909498a2e9622628a23186a') in 0.039385 seconds 
  Import took 0.047113 seconds .

========================================================================
Received Import Request.
  Time since last request: 0.000372 seconds.
  path: Assets/AtmosphericHouse/Prefabs/Props/Electronics/Computer_screen.prefab
  artifactKey: Guid(33d6fd049e3267740825c5c800797efe) Importer(815301076,1909f56bfc062723c751e8b465ee728b)
Start importing Assets/AtmosphericHouse/Prefabs/Props/Electronics/Computer_screen.prefab using Guid(33d6fd049e3267740825c5c800797efe) Importer(815301076,1909f56bfc062723c751e8b465ee728b)  -> (artifact id: '39d8b4b3b5009be68314e6b11401afa1') in 0.046493 seconds 
  Import took 0.055619 seconds .

========================================================================
Received Import Request.
  Time since last request: 0.000309 seconds.
  path: Packages/com.unity.render-pipelines.core/Runtime/Debugging/Prefabs/Widgets/DebugUI Color.prefab
  artifactKey: Guid(77c185820dd1a464eac89cae3abccddf) Importer(815301076,1909f56bfc062723c751e8b465ee728b)
Start importing Packages/com.unity.render-pipelines.core/Runtime/Debugging/Prefabs/Widgets/DebugUI Color.prefab using Guid(77c185820dd1a464eac89cae3abccddf) Importer(815301076,1909f56bfc062723c751e8b465ee728b)  -> (artifact id: 'fa639cabd5940960f91d447dce698d19') in 0.028741 seconds 
  Import took 0.034209 seconds .

========================================================================
Received Import Request.
  Time since last request: 0.000339 seconds.
  path: Assets/AtmosphericHouse/Prefabs/Props/Electronics/Computer_screen.prefab
  artifactKey: Guid(33d6fd049e3267740825c5c800797efe) Importer(815301076,1909f56bfc062723c751e8b465ee728b)
Start importing Assets/AtmosphericHouse/Prefabs/Props/Electronics/Computer_screen.prefab using Guid(33d6fd049e3267740825c5c800797efe) Importer(815301076,1909f56bfc062723c751e8b465ee728b)  -> (artifact id: '39d8b4b3b5009be68314e6b11401afa1') in 0.036716 seconds 
  Import took 0.043921 seconds .

========================================================================
Received Import Request.
  Time since last request: 0.000265 seconds.
  path: Packages/com.unity.render-pipelines.core/Runtime/Debugging/Prefabs/Widgets/DebugUI Button.prefab
  artifactKey: Guid(f6ce33b91f6ffe54cadacbf4bb112440) Importer(815301076,1909f56bfc062723c751e8b465ee728b)
Start importing Packages/com.unity.render-pipelines.core/Runtime/Debugging/Prefabs/Widgets/DebugUI Button.prefab using Guid(f6ce33b91f6ffe54cadacbf4bb112440) Importer(815301076,1909f56bfc062723c751e8b465ee728b)  -> (artifact id: '68f89bebd9fe70d6448d8ea4e030b140') in 0.015513 seconds 
  Import took 0.021595 seconds .

========================================================================
Received Import Request.
  Time since last request: 0.000305 seconds.
  path: Packages/com.unity.render-pipelines.core/Runtime/Debugging/Prefabs/Widgets/DebugUI EnumField.prefab
  artifactKey: Guid(988db55689193434fb0b3b89538f978f) Importer(815301076,1909f56bfc062723c751e8b465ee728b)
Start importing Packages/com.unity.render-pipelines.core/Runtime/Debugging/Prefabs/Widgets/DebugUI EnumField.prefab using Guid(988db55689193434fb0b3b89538f978f) Importer(815301076,1909f56bfc062723c751e8b465ee728b)  -> (artifact id: 'ab52a9ce4aaadb1f312eb87b4b04c978') in 0.008826 seconds 
  Import took 0.014303 seconds .

========================================================================
Received Import Request.
  Time since last request: 0.000360 seconds.
  path: Packages/com.unity.render-pipelines.core/Runtime/Debugging/Prefabs/Widgets/DebugUI BitField.prefab
  artifactKey: Guid(7c78b588b2e1f7c4a86ca4a985cf6e4a) Importer(815301076,1909f56bfc062723c751e8b465ee728b)
Start importing Packages/com.unity.render-pipelines.core/Runtime/Debugging/Prefabs/Widgets/DebugUI BitField.prefab using Guid(7c78b588b2e1f7c4a86ca4a985cf6e4a) Importer(815301076,1909f56bfc062723c751e8b465ee728b)  -> (artifact id: '0964ca8026c7ff9ab5abfaa51bbc8f4e') in 0.026449 seconds 
  Import took 0.032477 seconds .

========================================================================
Received Import Request.
  Time since last request: 0.000289 seconds.
  path: Packages/com.unity.render-pipelines.core/Runtime/Debugging/Prefabs/Resources/DebugUI Canvas.prefab
  artifactKey: Guid(cf6cbdd672089a84796e55a21fed1cbe) Importer(815301076,1909f56bfc062723c751e8b465ee728b)
Start importing Packages/com.unity.render-pipelines.core/Runtime/Debugging/Prefabs/Resources/DebugUI Canvas.prefab using Guid(cf6cbdd672089a84796e55a21fed1cbe) Importer(815301076,1909f56bfc062723c751e8b465ee728b)  -> (artifact id: 'e35c912fcbe7e8a76564eb6d3dbc1d06') in 0.070257 seconds 
  Import took 0.077302 seconds .

========================================================================
Received Import Request.
  Time since last request: 0.888858 seconds.
  path: Packages/com.unity.render-pipelines.core/Runtime/Debugging/Prefabs/Widgets/DebugUI FloatField.prefab
  artifactKey: Guid(7d4fd3415ea7dd64bbcfe13fb48a730b) Importer(815301076,1909f56bfc062723c751e8b465ee728b)
Start importing Packages/com.unity.render-pipelines.core/Runtime/Debugging/Prefabs/Widgets/DebugUI FloatField.prefab using Guid(7d4fd3415ea7dd64bbcfe13fb48a730b) Importer(815301076,1909f56bfc062723c751e8b465ee728b)  -> (artifact id: 'ad580d93d208aced48af83432b4f67a8') in 0.007822 seconds 
  Import took 0.012915 seconds .

========================================================================
Received Import Request.
  Time since last request: 0.000256 seconds.
  path: Packages/com.unity.render-pipelines.core/Runtime/Debugging/Prefabs/Widgets/DebugUI Group.prefab
  artifactKey: Guid(38a07789c9e87004dad98c2909f58369) Importer(815301076,1909f56bfc062723c751e8b465ee728b)
Start importing Packages/com.unity.render-pipelines.core/Runtime/Debugging/Prefabs/Widgets/DebugUI Group.prefab using Guid(38a07789c9e87004dad98c2909f58369) Importer(815301076,1909f56bfc062723c751e8b465ee728b)  -> (artifact id: 'a7278d940f8fc80980408ba8b17297d1') in 0.007268 seconds 
  Import took 0.012090 seconds .

========================================================================
Received Import Request.
  Time since last request: 0.000278 seconds.
  path: Packages/com.unity.render-pipelines.core/Runtime/Debugging/Prefabs/Resources/DebugUI Persistent Canvas.prefab
  artifactKey: Guid(f6b1a0fe75d5009449cf55ae76220e2b) Importer(815301076,1909f56bfc062723c751e8b465ee728b)
Start importing Packages/com.unity.render-pipelines.core/Runtime/Debugging/Prefabs/Resources/DebugUI Persistent Canvas.prefab using Guid(f6b1a0fe75d5009449cf55ae76220e2b) Importer(815301076,1909f56bfc062723c751e8b465ee728b)  -> (artifact id: '64d43b282cd4bfd1c100369c95309f37') in 0.008332 seconds 
  Import took 0.013409 seconds .

========================================================================
Received Import Request.
  Time since last request: 0.000226 seconds.
  path: Packages/com.unity.render-pipelines.core/Runtime/Debugging/Prefabs/Widgets/DebugUI Row.prefab
  artifactKey: Guid(2d019437ff89b8d44949727731cd9357) Importer(815301076,1909f56bfc062723c751e8b465ee728b)
Start importing Packages/com.unity.render-pipelines.core/Runtime/Debugging/Prefabs/Widgets/DebugUI Row.prefab using Guid(2d019437ff89b8d44949727731cd9357) Importer(815301076,1909f56bfc062723c751e8b465ee728b)  -> (artifact id: '209330b8627acd282e064cf9c587e87c') in 0.007697 seconds 
  Import took 0.013333 seconds .

========================================================================
Received Import Request.
  Time since last request: 0.000301 seconds.
  path: Packages/com.unity.render-pipelines.core/Runtime/Debugging/Prefabs/Widgets/DebugUI HBox.prefab
  artifactKey: Guid(f7f5e36797cf0c1408561665c67b179b) Importer(815301076,1909f56bfc062723c751e8b465ee728b)
Start importing Packages/com.unity.render-pipelines.core/Runtime/Debugging/Prefabs/Widgets/DebugUI HBox.prefab using Guid(f7f5e36797cf0c1408561665c67b179b) Importer(815301076,1909f56bfc062723c751e8b465ee728b)  -> (artifact id: '2ccb1e219bb90905a1e5aef60499f49c') in 0.006172 seconds 
  Import took 0.011468 seconds .

========================================================================
Received Import Request.
  Time since last request: 0.000361 seconds.
  path: Packages/com.unity.render-pipelines.core/Runtime/Debugging/Prefabs/Widgets/DebugUI Foldout.prefab
  artifactKey: Guid(1c87ab2ce8b8b304d98fbe9a734b1f74) Importer(815301076,1909f56bfc062723c751e8b465ee728b)
Start importing Packages/com.unity.render-pipelines.core/Runtime/Debugging/Prefabs/Widgets/DebugUI Foldout.prefab using Guid(1c87ab2ce8b8b304d98fbe9a734b1f74) Importer(815301076,1909f56bfc062723c751e8b465ee728b)  -> (artifact id: '3ba1920c77227079281541040bbfd5fb') in 0.008613 seconds 
  Import took 0.014109 seconds .

========================================================================
Received Import Request.
  Time since last request: 0.000258 seconds.
  path: Packages/com.unity.render-pipelines.core/Runtime/Debugging/Prefabs/Widgets/DebugUI ToggleHistory.prefab
  artifactKey: Guid(5088d0220f0c4df439cf06c5c270eacb) Importer(815301076,1909f56bfc062723c751e8b465ee728b)
Start importing Packages/com.unity.render-pipelines.core/Runtime/Debugging/Prefabs/Widgets/DebugUI ToggleHistory.prefab using Guid(5088d0220f0c4df439cf06c5c270eacb) Importer(815301076,1909f56bfc062723c751e8b465ee728b)  -> (artifact id: '47d7a01bd25de0fff384c771d662f8be') in 0.008809 seconds 
  Import took 0.014568 seconds .

========================================================================
Received Import Request.
  Time since last request: 0.000273 seconds.
  path: Packages/com.unity.render-pipelines.core/Runtime/Debugging/Prefabs/Widgets/DebugUI Panel.prefab
  artifactKey: Guid(daa46a58178a6ad41ae1ddc2dc7f856d) Importer(815301076,1909f56bfc062723c751e8b465ee728b)
Start importing Packages/com.unity.render-pipelines.core/Runtime/Debugging/Prefabs/Widgets/DebugUI Panel.prefab using Guid(daa46a58178a6ad41ae1ddc2dc7f856d) Importer(815301076,1909f56bfc062723c751e8b465ee728b)  -> (artifact id: 'cd495cd0dd99a889f3ab54bf9a3867b2') in 0.008339 seconds 
  Import took 0.013378 seconds .

========================================================================
Received Import Request.
  Time since last request: 0.000325 seconds.
  path: Packages/com.unity.render-pipelines.core/Runtime/Debugging/Prefabs/Widgets/DebugUI UIntField.prefab
  artifactKey: Guid(f22bcc84a5f4a1944b075a2c4ac71493) Importer(815301076,1909f56bfc062723c751e8b465ee728b)
Start importing Packages/com.unity.render-pipelines.core/Runtime/Debugging/Prefabs/Widgets/DebugUI UIntField.prefab using Guid(f22bcc84a5f4a1944b075a2c4ac71493) Importer(815301076,1909f56bfc062723c751e8b465ee728b)  -> (artifact id: 'e1b23b29c74bdaf9483fd27f1c38be3b') in 0.007797 seconds 
  Import took 0.012879 seconds .

========================================================================
Received Import Request.
  Time since last request: 0.000235 seconds.
  path: Assets/AtmosphericHouse/Prefabs/Props/Interior_plants/Interior_plant_A.prefab
  artifactKey: Guid(2591a571534d65f4d9d5dc65bc2ddf46) Importer(815301076,1909f56bfc062723c751e8b465ee728b)
Start importing Assets/AtmosphericHouse/Prefabs/Props/Interior_plants/Interior_plant_A.prefab using Guid(2591a571534d65f4d9d5dc65bc2ddf46) Importer(815301076,1909f56bfc062723c751e8b465ee728b)  -> (artifact id: 'fa37d15a6f04f251e2794bd043fa4e4a') in 0.182998 seconds 
  Import took 0.189305 seconds .

========================================================================
Received Import Request.
  Time since last request: 0.000276 seconds.
  path: Packages/com.unity.render-pipelines.core/Runtime/Debugging/Prefabs/Widgets/DebugUI Vector3.prefab
  artifactKey: Guid(94afea5f242d72547979595ba963f335) Importer(815301076,1909f56bfc062723c751e8b465ee728b)
Start importing Packages/com.unity.render-pipelines.core/Runtime/Debugging/Prefabs/Widgets/DebugUI Vector3.prefab using Guid(94afea5f242d72547979595ba963f335) Importer(815301076,1909f56bfc062723c751e8b465ee728b)  -> (artifact id: '9bdff6251bdf792881da9e93c73d5324') in 0.009026 seconds 
  Import took 0.013750 seconds .

========================================================================
Received Import Request.
  Time since last request: 0.000208 seconds.
  path: Assets/AtmosphericHouse/Prefabs/Props/Office_props/Folder_set_D.prefab
  artifactKey: Guid(19ca1c02e741cf441bf4dae8632b25bb) Importer(815301076,1909f56bfc062723c751e8b465ee728b)
Start importing Assets/AtmosphericHouse/Prefabs/Props/Office_props/Folder_set_D.prefab using Guid(19ca1c02e741cf441bf4dae8632b25bb) Importer(815301076,1909f56bfc062723c751e8b465ee728b)  -> (artifact id: 'c8abd5c6928989aff087da39da9bcda3') in 0.042957 seconds 
  Import took 0.049787 seconds .

========================================================================
Received Import Request.
  Time since last request: 0.000263 seconds.
  path: Assets/AtmosphericHouse/Prefabs/Props/Interior_plants/Interior_plant_C.prefab
  artifactKey: Guid(24b456f4fa4053c498cfbebf996a4209) Importer(815301076,1909f56bfc062723c751e8b465ee728b)
Start importing Assets/AtmosphericHouse/Prefabs/Props/Interior_plants/Interior_plant_C.prefab using Guid(24b456f4fa4053c498cfbebf996a4209) Importer(815301076,1909f56bfc062723c751e8b465ee728b)  -> (artifact id: '86d3771a839f62d74f020ee76ff435a1') in 0.040950 seconds 
  Import took 0.048753 seconds .

========================================================================
Received Import Request.
  Time since last request: 0.000214 seconds.
  path: Assets/AtmosphericHouse/Prefabs/Props/Interior_plants/Interior_plant_B.prefab
  artifactKey: Guid(6321017e46f06944ea712c6fbc6c92fe) Importer(815301076,1909f56bfc062723c751e8b465ee728b)
Start importing Assets/AtmosphericHouse/Prefabs/Props/Interior_plants/Interior_plant_B.prefab using Guid(6321017e46f06944ea712c6fbc6c92fe) Importer(815301076,1909f56bfc062723c751e8b465ee728b)  -> (artifact id: 'f339506bfb358bcb336ee17c374cb435') in 0.060597 seconds 
  Import took 0.067739 seconds .

========================================================================
Received Import Request.
  Time since last request: 0.000258 seconds.
  path: Packages/com.unity.render-pipelines.core/Runtime/Debugging/Prefabs/Widgets/DebugUI Value.prefab
  artifactKey: Guid(dc0f88987826e6e48b1fe9c7c2b53a53) Importer(815301076,1909f56bfc062723c751e8b465ee728b)
Start importing Packages/com.unity.render-pipelines.core/Runtime/Debugging/Prefabs/Widgets/DebugUI Value.prefab using Guid(dc0f88987826e6e48b1fe9c7c2b53a53) Importer(815301076,1909f56bfc062723c751e8b465ee728b)  -> (artifact id: '03ac2d3b6a1c981967acac1869379a07') in 0.008362 seconds 
  Import took 0.014193 seconds .

========================================================================
Received Import Request.
  Time since last request: 0.000261 seconds.
  path: Packages/com.unity.render-pipelines.core/Runtime/Debugging/Prefabs/Widgets/DebugUI Vector4.prefab
  artifactKey: Guid(d47f009476100f545971a81ede14c750) Importer(815301076,1909f56bfc062723c751e8b465ee728b)
Start importing Packages/com.unity.render-pipelines.core/Runtime/Debugging/Prefabs/Widgets/DebugUI Vector4.prefab using Guid(d47f009476100f545971a81ede14c750) Importer(815301076,1909f56bfc062723c751e8b465ee728b)  -> (artifact id: '2091e14c82139119498049536f9bc71b') in 0.010537 seconds 
  Import took 0.015941 seconds .

========================================================================
Received Import Request.
  Time since last request: 0.000246 seconds.
  path: Packages/com.unity.render-pipelines.core/Runtime/Debugging/Prefabs/Widgets/DebugUI IntField.prefab
  artifactKey: Guid(ae00bb75e0cd5b04b8fe7fb4ab662629) Importer(815301076,1909f56bfc062723c751e8b465ee728b)
Start importing Packages/com.unity.render-pipelines.core/Runtime/Debugging/Prefabs/Widgets/DebugUI IntField.prefab using Guid(ae00bb75e0cd5b04b8fe7fb4ab662629) Importer(815301076,1909f56bfc062723c751e8b465ee728b)  -> (artifact id: '5836281649b8c72ef61fc0161ee85a83') in 0.007751 seconds 
  Import took 0.013150 seconds .

========================================================================
Received Import Request.
  Time since last request: 0.000340 seconds.
  path: Packages/com.unity.render-pipelines.core/Runtime/Debugging/Prefabs/Widgets/DebugUI Vector2.prefab
  artifactKey: Guid(326f7c58aed965d41bf7805a782d1e44) Importer(815301076,1909f56bfc062723c751e8b465ee728b)
Start importing Packages/com.unity.render-pipelines.core/Runtime/Debugging/Prefabs/Widgets/DebugUI Vector2.prefab using Guid(326f7c58aed965d41bf7805a782d1e44) Importer(815301076,1909f56bfc062723c751e8b465ee728b)  -> (artifact id: '4ac21dae8d29978aedd7c0e2d77f4753') in 0.009768 seconds 
  Import took 0.015623 seconds .

========================================================================
Received Import Request.
  Time since last request: 0.000251 seconds.
  path: Packages/com.unity.render-pipelines.core/Runtime/Debugging/Prefabs/Widgets/DebugUI VBox.prefab
  artifactKey: Guid(ca3e294656861a64b8aeeb9f916da0a9) Importer(815301076,1909f56bfc062723c751e8b465ee728b)
Start importing Packages/com.unity.render-pipelines.core/Runtime/Debugging/Prefabs/Widgets/DebugUI VBox.prefab using Guid(ca3e294656861a64b8aeeb9f916da0a9) Importer(815301076,1909f56bfc062723c751e8b465ee728b)  -> (artifact id: '8952e4ffb1e95d4b1748912207a9692b') in 0.007537 seconds 
  Import took 0.013398 seconds .

========================================================================
Received Import Request.
  Time since last request: 0.000234 seconds.
  path: Packages/com.unity.render-pipelines.core/Runtime/Debugging/Prefabs/Widgets/DebugUI Toggle.prefab
  artifactKey: Guid(ce347ad101f41ee4ab5c3fbc0ea447db) Importer(815301076,1909f56bfc062723c751e8b465ee728b)
Start importing Packages/com.unity.render-pipelines.core/Runtime/Debugging/Prefabs/Widgets/DebugUI Toggle.prefab using Guid(ce347ad101f41ee4ab5c3fbc0ea447db) Importer(815301076,1909f56bfc062723c751e8b465ee728b)  -> (artifact id: 'a69699073e390f1c6b3f4b2d33ecf2d3') in 0.008490 seconds 
  Import took 0.013831 seconds .

========================================================================
Received Import Request.
  Time since last request: 0.313134 seconds.
  path: Assets/AtmosphericHouse/Prefabs/Props/Lamps/Lamp_ceiling_ball.prefab
  artifactKey: Guid(a076cfe78dd2d5e419f1c00ba249fd97) Importer(815301076,1909f56bfc062723c751e8b465ee728b)
Start importing Assets/AtmosphericHouse/Prefabs/Props/Lamps/Lamp_ceiling_ball.prefab using Guid(a076cfe78dd2d5e419f1c00ba249fd97) Importer(815301076,1909f56bfc062723c751e8b465ee728b) Shader error in 'Universal Render Pipeline/Lit': Couldn't open include file 'Packages/com.unity.render-pipelines.universal/Shaders/LitInput.hlsl'. at line 138

Compiling Fragment program with _ADDITIONAL_LIGHTS _EMISSION _METALLICSPECGLOSSMAP _NORMALMAP _OCCLUSIONMAP
Platform defines: SHADER_API_DESKTOP UNITY_COLORSPACE_GAMMA UNITY_ENABLE_DETAIL_NORMALMAP UNITY_ENABLE_REFLECTION_BUFFERS UNITY_LIGHTMAP_FULL_HDR UNITY_LIGHT_PROBE_PROXY_VOLUME UNITY_PBS_USE_BRDF1 UNITY_SPECCUBE_BLENDING UNITY_SPECCUBE_BOX_PROJECTION UNITY_USE_DITHER_MASK_FOR_ALPHABLENDED_SHADOWS
Disabled keywords: DIRLIGHTMAP_COMBINED DOTS_INSTANCING_ON FOG_EXP FOG_EXP2 FOG_LINEAR INSTANCING_ON LIGHTMAP_ON LIGHTMAP_SHADOW_MIXING SHADER_API_GLES30 SHADOWS_SHADOWMASK UNITY_ASTC_NORMALMAP_ENCODING UNITY_ENABLE_NATIVE_SHADOW_LOOKUPS UNITY_HALF_PRECISION_FRAGMENT_SHADER_REGISTERS UNITY_HARDWARE_TIER1 UNITY_HARDWARE_TIER2 UNITY_HARDWARE_TIER3 UNITY_LIGHTMAP_DLDR_ENCODING UNITY_LIGHTMAP_RGBM_ENCODING UNITY_METAL_SHADOWS_USE_POINT_FILTERING UNITY_NO_DXT5nm UNITY_NO_FULL_STANDARD_SHADER UNITY_NO_SCREENSPACE_SHADOWS UNITY_PBS_USE_BRDF2 UNITY_PBS_USE_BRDF3 UNITY_PRETRANSFORM_TO_DISPLAY_ORIENTATION UNITY_VIRTUAL_TEXTURING _ADDITIONAL_LIGHTS_VERTEX _ADDITIONAL_LIGHT_SHADOWS _ALPHAPREMULTIPLY_ON _ALPHATEST_ON _DETAIL_MULX2 _DETAIL_SCALED _ENVIRONMENTREFLECTIONS_OFF _MAIN_LIGHT_SHADOWS _MAIN_LIGHT_SHADOWS_CASCADE _PARALLAXMAP _RECEIVE_SHADOWS_OFF _SCREEN_SPACE_OCCLUSION _SHADOWS_SOFT _SMOOTHNESS_TEXTURE_ALBEDO_CHANNEL_A _SPECULARHIGHLIGHTS_OFF _SPECULAR_SETUP

 -> (artifact id: 'b36c673c373f6907eb24d3d6e49a9936') in 0.062356 seconds 
  Import took 0.069088 seconds .

========================================================================
Received Import Request.
  Time since last request: 0.000261 seconds.
  path: Assets/AtmosphericHouse/Prefabs/Props/Lamps/Lamp_table_shade.prefab
  artifactKey: Guid(89925d53b42432741b6c9de75492ab0f) Importer(815301076,1909f56bfc062723c751e8b465ee728b)
Start importing Assets/AtmosphericHouse/Prefabs/Props/Lamps/Lamp_table_shade.prefab using Guid(89925d53b42432741b6c9de75492ab0f) Importer(815301076,1909f56bfc062723c751e8b465ee728b)  -> (artifact id: '8d28d725b4300c1c24abfe1a94e5ba8b') in 0.046044 seconds 
  Import took 0.052749 seconds .

========================================================================
Received Import Request.
  Time since last request: 0.000255 seconds.
  path: Assets/AtmosphericHouse/Prefabs/Props/Small_table_props/Magazine_A.prefab
  artifactKey: Guid(26fd3ba660b4df945aa745b7572f4193) Importer(815301076,1909f56bfc062723c751e8b465ee728b)
Start importing Assets/AtmosphericHouse/Prefabs/Props/Small_table_props/Magazine_A.prefab using Guid(26fd3ba660b4df945aa745b7572f4193) Importer(815301076,1909f56bfc062723c751e8b465ee728b)  -> (artifact id: '34bcb1e7ecb9aea6004e478a14e2f4e3') in 0.040904 seconds 
  Import took 0.047476 seconds .

========================================================================
Received Import Request.
  Time since last request: 0.000272 seconds.
  path: Assets/AtmosphericHouse/Prefabs/Props/Furniture/Table_A.prefab
  artifactKey: Guid(7f41683910be16547ae8b5757fa4e791) Importer(815301076,1909f56bfc062723c751e8b465ee728b)
Start importing Assets/AtmosphericHouse/Prefabs/Props/Furniture/Table_A.prefab using Guid(7f41683910be16547ae8b5757fa4e791) Importer(815301076,1909f56bfc062723c751e8b465ee728b)  -> (artifact id: '6addef0c65e9da97868180fa79e56639') in 0.065177 seconds 
  Import took 0.072023 seconds .

========================================================================
Received Import Request.
  Time since last request: 0.000327 seconds.
  path: Assets/AtmosphericHouse/Prefabs/Props/Office_props/Papers_pile_B.prefab
  artifactKey: Guid(fe50bf0b11640614b91eb26797d5ced3) Importer(815301076,1909f56bfc062723c751e8b465ee728b)
Start importing Assets/AtmosphericHouse/Prefabs/Props/Office_props/Papers_pile_B.prefab using Guid(fe50bf0b11640614b91eb26797d5ced3) Importer(815301076,1909f56bfc062723c751e8b465ee728b)  -> (artifact id: 'a770ad89bfe30fbe944bc7416ac64f2c') in 0.050811 seconds 
  Import took 0.057532 seconds .

========================================================================
Received Import Request.
  Time since last request: 0.000246 seconds.
  path: Assets/AtmosphericHouse/Prefabs/Props/Lamps/Lamp_ceiling_round.prefab
  artifactKey: Guid(4e27f85933c44cc42893d4a4312fdf5f) Importer(815301076,1909f56bfc062723c751e8b465ee728b)
Start importing Assets/AtmosphericHouse/Prefabs/Props/Lamps/Lamp_ceiling_round.prefab using Guid(4e27f85933c44cc42893d4a4312fdf5f) Importer(815301076,1909f56bfc062723c751e8b465ee728b)  -> (artifact id: '8e98d03b8a23909b712db8040904d7f4') in 0.038354 seconds 
  Import took 0.045230 seconds .

========================================================================
Received Import Request.
  Time since last request: 0.000273 seconds.
  path: Assets/AtmosphericHouse/Prefabs/Props/Paintings/Painting_R.prefab
  artifactKey: Guid(f90a1114eae369040a481cba697ba714) Importer(815301076,1909f56bfc062723c751e8b465ee728b)
Start importing Assets/AtmosphericHouse/Prefabs/Props/Paintings/Painting_R.prefab using Guid(f90a1114eae369040a481cba697ba714) Importer(815301076,1909f56bfc062723c751e8b465ee728b)  -> (artifact id: '97efb8f122bb9026c40744e5de8bcd72') in 0.079343 seconds 
  Import took 0.086614 seconds .

========================================================================
Received Import Request.
  Time since last request: 0.000260 seconds.
  path: Packages/com.unity.polybrush/Tests/Templates/PolyEditorUtilityTests/TestGameObject.prefab
  artifactKey: Guid(d190d36b8de984945a0f0a84be345537) Importer(815301076,1909f56bfc062723c751e8b465ee728b)
Start importing Packages/com.unity.polybrush/Tests/Templates/PolyEditorUtilityTests/TestGameObject.prefab using Guid(d190d36b8de984945a0f0a84be345537) Importer(815301076,1909f56bfc062723c751e8b465ee728b)  -> (artifact id: '290b5c9af30f1bc6707a788d6f318b40') in 0.006683 seconds 
  Import took 0.012649 seconds .

========================================================================
Received Import Request.
  Time since last request: 0.000271 seconds.
  path: Assets/AtmosphericHouse/Prefabs/Props/Furniture/Workdesk_extension.prefab
  artifactKey: Guid(73f65b7a11354234f92177e3193e0e01) Importer(815301076,1909f56bfc062723c751e8b465ee728b)
Start importing Assets/AtmosphericHouse/Prefabs/Props/Furniture/Workdesk_extension.prefab using Guid(73f65b7a11354234f92177e3193e0e01) Importer(815301076,1909f56bfc062723c751e8b465ee728b)  -> (artifact id: 'a658800c174fd69afdf8c8f8dc30f98d') in 0.042556 seconds 
  Import took 0.049712 seconds .

========================================================================
Received Import Request.
  Time since last request: 0.000250 seconds.
  path: Assets/AtmosphericHouse/Prefabs/Props/Small_table_props/Magazine_B.prefab
  artifactKey: Guid(c26149f6ebd9f9f49b0b44c8890c65d6) Importer(815301076,1909f56bfc062723c751e8b465ee728b)
Start importing Assets/AtmosphericHouse/Prefabs/Props/Small_table_props/Magazine_B.prefab using Guid(c26149f6ebd9f9f49b0b44c8890c65d6) Importer(815301076,1909f56bfc062723c751e8b465ee728b)  -> (artifact id: '908105c7ba637c3d826962ce81d30539') in 0.035284 seconds 
  Import took 0.042055 seconds .

========================================================================
Received Import Request.
  Time since last request: 0.000266 seconds.
  path: Assets/AtmosphericHouse/Prefabs/Props/Furniture/Sofa_2seat.prefab
  artifactKey: Guid(1180dca2ecafdae4582560550af1c4e1) Importer(815301076,1909f56bfc062723c751e8b465ee728b)
Start importing Assets/AtmosphericHouse/Prefabs/Props/Furniture/Sofa_2seat.prefab using Guid(1180dca2ecafdae4582560550af1c4e1) Importer(815301076,1909f56bfc062723c751e8b465ee728b)  -> (artifact id: 'eafab659f4d042a7d99fa84e1c7f7f75') in 0.039716 seconds 
  Import took 0.046252 seconds .

========================================================================
Received Import Request.
  Time since last request: 0.000250 seconds.
  path: Assets/AtmosphericHouse/Prefabs/Props/Paintings/Painting_I.prefab
  artifactKey: Guid(0393a73f355e3404b8e0e5b450e7d7d2) Importer(815301076,1909f56bfc062723c751e8b465ee728b)
Start importing Assets/AtmosphericHouse/Prefabs/Props/Paintings/Painting_I.prefab using Guid(0393a73f355e3404b8e0e5b450e7d7d2) Importer(815301076,1909f56bfc062723c751e8b465ee728b)  -> (artifact id: '754c4efdd7514bc62757a567d67df872') in 0.094870 seconds 
  Import took 0.101942 seconds .

========================================================================
Received Import Request.
  Time since last request: 0.000333 seconds.
  path: Assets/AtmosphericHouse/Prefabs/Props/Small_table_props/Pencil_holder.prefab
  artifactKey: Guid(33f37ff2dfc8eef4881506f5cf6026bf) Importer(815301076,1909f56bfc062723c751e8b465ee728b)
Start importing Assets/AtmosphericHouse/Prefabs/Props/Small_table_props/Pencil_holder.prefab using Guid(33f37ff2dfc8eef4881506f5cf6026bf) Importer(815301076,1909f56bfc062723c751e8b465ee728b)  -> (artifact id: 'd1766ca2080ed400aef58ff23e89342a') in 0.072104 seconds 
  Import took 0.078739 seconds .

========================================================================
Received Import Request.
  Time since last request: 0.000304 seconds.
  path: Assets/AtmosphericHouse/Prefabs/Props/Furniture/Side_table_C_drawer_parent.prefab
  artifactKey: Guid(46eae614a212c3047a5cdc45fcf7a4ed) Importer(815301076,1909f56bfc062723c751e8b465ee728b)
Start importing Assets/AtmosphericHouse/Prefabs/Props/Furniture/Side_table_C_drawer_parent.prefab using Guid(46eae614a212c3047a5cdc45fcf7a4ed) Importer(815301076,1909f56bfc062723c751e8b465ee728b)  -> (artifact id: '8ca0e8e34eeee695fd37251f5a8b40b0') in 0.057304 seconds 
  Import took 0.065092 seconds .

========================================================================
Received Import Request.
  Time since last request: 0.000265 seconds.
  path: Assets/AtmosphericHouse/Prefabs/Props/Lamps/Lamp_ceiling_cone_B.prefab
  artifactKey: Guid(de121d55bf30c984db8e9187c15e5428) Importer(815301076,1909f56bfc062723c751e8b465ee728b)
Start importing Assets/AtmosphericHouse/Prefabs/Props/Lamps/Lamp_ceiling_cone_B.prefab using Guid(de121d55bf30c984db8e9187c15e5428) Importer(815301076,1909f56bfc062723c751e8b465ee728b)  -> (artifact id: 'c0eb3076320db3eb0c36f4da90e0203d') in 0.037909 seconds 
  Import took 0.044665 seconds .

========================================================================
Received Import Request.
  Time since last request: 0.000254 seconds.
  path: Assets/AtmosphericHouse/Prefabs/Props/Lamps/Lamp_table_work.prefab
  artifactKey: Guid(5ca21fe83ef4ee3498bf44669e04fddf) Importer(815301076,1909f56bfc062723c751e8b465ee728b)
Start importing Assets/AtmosphericHouse/Prefabs/Props/Lamps/Lamp_table_work.prefab using Guid(5ca21fe83ef4ee3498bf44669e04fddf) Importer(815301076,1909f56bfc062723c751e8b465ee728b)  -> (artifact id: '19ee816c23dd8ff05af0ec2009a84a74') in 0.046589 seconds 
  Import took 0.053036 seconds .

========================================================================
Received Import Request.
  Time since last request: 0.000256 seconds.
  path: Assets/AtmosphericHouse/Prefabs/Props/Storage_props/Storage_box_B_open.prefab
  artifactKey: Guid(29896af7a7a65604697320b9f4a72433) Importer(815301076,1909f56bfc062723c751e8b465ee728b)
Start importing Assets/AtmosphericHouse/Prefabs/Props/Storage_props/Storage_box_B_open.prefab using Guid(29896af7a7a65604697320b9f4a72433) Importer(815301076,1909f56bfc062723c751e8b465ee728b)  -> (artifact id: '934eeded7111ad9f5b46ed8f15e532fa') in 0.127129 seconds 
  Import took 0.140483 seconds .

========================================================================
Received Import Request.
  Time since last request: 0.000290 seconds.
  path: Assets/AtmosphericHouse/Prefabs/Props/Paintings/Painting_Q.prefab
  artifactKey: Guid(c8cb586a1ad268040af8c87b7240434f) Importer(815301076,1909f56bfc062723c751e8b465ee728b)
Start importing Assets/AtmosphericHouse/Prefabs/Props/Paintings/Painting_Q.prefab using Guid(c8cb586a1ad268040af8c87b7240434f) Importer(815301076,1909f56bfc062723c751e8b465ee728b)  -> (artifact id: '3663af884af9c41e7151578d56884392') in 0.058284 seconds 
  Import took 0.065899 seconds .

========================================================================
Received Import Request.
  Time since last request: 0.000311 seconds.
  path: Assets/AtmosphericHouse/Prefabs/Props/Furniture/Sofa_3seat.prefab
  artifactKey: Guid(48504d60314f8af43a16bfd340b52575) Importer(815301076,1909f56bfc062723c751e8b465ee728b)
Start importing Assets/AtmosphericHouse/Prefabs/Props/Furniture/Sofa_3seat.prefab using Guid(48504d60314f8af43a16bfd340b52575) Importer(815301076,1909f56bfc062723c751e8b465ee728b)  -> (artifact id: 'a7502086dd102f0b00fa8e14fd218668') in 0.037813 seconds 
  Import took 0.045142 seconds .

========================================================================
Received Import Request.
  Time since last request: 0.000273 seconds.
  path: Assets/AtmosphericHouse/Prefabs/Props/Lamps/Lamp_cellar_wall.prefab
  artifactKey: Guid(97ca9b1d34afc2e4296a12d891a5f136) Importer(815301076,1909f56bfc062723c751e8b465ee728b)
Start importing Assets/AtmosphericHouse/Prefabs/Props/Lamps/Lamp_cellar_wall.prefab using Guid(97ca9b1d34afc2e4296a12d891a5f136) Importer(815301076,1909f56bfc062723c751e8b465ee728b)  -> (artifact id: 'b9e60fccc4e0365e125437d50582493a') in 0.047376 seconds 
  Import took 0.055224 seconds .

========================================================================
Received Import Request.
  Time since last request: 0.000323 seconds.
  path: Assets/AtmosphericHouse/Prefabs/Props/Furniture/Side_table_C.prefab
  artifactKey: Guid(d90c2e8d3b84b744ab7adcc611797e58) Importer(815301076,1909f56bfc062723c751e8b465ee728b)
Start importing Assets/AtmosphericHouse/Prefabs/Props/Furniture/Side_table_C.prefab using Guid(d90c2e8d3b84b744ab7adcc611797e58) Importer(815301076,1909f56bfc062723c751e8b465ee728b)  -> (artifact id: '462b6dc85a7ac7280d1e39cf9f2398f9') in 0.040422 seconds 
  Import took 0.046893 seconds .

========================================================================
Received Import Request.
  Time since last request: 0.000295 seconds.
  path: Assets/AtmosphericHouse/Prefabs/Props/Furniture/Sofa_1seat.prefab
  artifactKey: Guid(9e18487d4f889d940a703ba5e9894e08) Importer(815301076,1909f56bfc062723c751e8b465ee728b)
Start importing Assets/AtmosphericHouse/Prefabs/Props/Furniture/Sofa_1seat.prefab using Guid(9e18487d4f889d940a703ba5e9894e08) Importer(815301076,1909f56bfc062723c751e8b465ee728b)  -> (artifact id: '41b78ee38dc4b5e0acdb4c7353c1d34c') in 0.036430 seconds 
  Import took 0.043300 seconds .

========================================================================
Received Import Request.
  Time since last request: 0.000365 seconds.
  path: Assets/AtmosphericHouse/Prefabs/Props/Furniture/Side_table_C.prefab
  artifactKey: Guid(d90c2e8d3b84b744ab7adcc611797e58) Importer(815301076,1909f56bfc062723c751e8b465ee728b)
Start importing Assets/AtmosphericHouse/Prefabs/Props/Furniture/Side_table_C.prefab using Guid(d90c2e8d3b84b744ab7adcc611797e58) Importer(815301076,1909f56bfc062723c751e8b465ee728b)  -> (artifact id: '462b6dc85a7ac7280d1e39cf9f2398f9') in 0.037525 seconds 
  Import took 0.044403 seconds .

========================================================================
Received Import Request.
  Time since last request: 0.000262 seconds.
  path: Assets/AtmosphericHouse/Prefabs/Props/Furniture/Table_coffee.prefab
  artifactKey: Guid(2b4caeb621658e145910e5d4912efcbe) Importer(815301076,1909f56bfc062723c751e8b465ee728b)
Start importing Assets/AtmosphericHouse/Prefabs/Props/Furniture/Table_coffee.prefab using Guid(2b4caeb621658e145910e5d4912efcbe) Importer(815301076,1909f56bfc062723c751e8b465ee728b)  -> (artifact id: 'b1ba680cc2828534bfbd56787b832b8a') in 0.039689 seconds 
  Import took 0.046126 seconds .

========================================================================
Received Import Request.
  Time since last request: 685.029349 seconds.
  path: Assets/AtmosphericHouse/Prefabs/Props/Lamps
  artifactKey: Guid(0605b5556fca14926bf5c66d85fb9a21) Importer(815301076,1909f56bfc062723c751e8b465ee728b)
Start importing Assets/AtmosphericHouse/Prefabs/Props/Lamps using Guid(0605b5556fca14926bf5c66d85fb9a21) Importer(815301076,1909f56bfc062723c751e8b465ee728b)  -> (artifact id: 'fa24c0d8145009977826881afb99c618') in 0.001350 seconds 
  Import took 0.007041 seconds .

========================================================================
Received Import Request.
  Time since last request: 4065.151896 seconds.
  path: Assets/Scenes/Lighting/LightingData.asset
  artifactKey: Guid(dd8beb22f62bd42f28b7e15e96c749dd) Importer(815301076,1909f56bfc062723c751e8b465ee728b)
Start importing Assets/Scenes/Lighting/LightingData.asset using Guid(dd8beb22f62bd42f28b7e15e96c749dd) Importer(815301076,1909f56bfc062723c751e8b465ee728b)  -> (artifact id: '97070be0f81c9ba41ccee2035e9c11a2') in 0.010222 seconds 
  Import took 0.018153 seconds .

========================================================================
Received Import Request.
  Time since last request: 0.000282 seconds.
  path: Assets/Scenes/Lighting/Lightmap-3_comp_dir.png
  artifactKey: Guid(522d6c918f68c4ce89be1b8d9e98b9a3) Importer(815301076,1909f56bfc062723c751e8b465ee728b)
Start importing Assets/Scenes/Lighting/Lightmap-3_comp_dir.png using Guid(522d6c918f68c4ce89be1b8d9e98b9a3) Importer(815301076,1909f56bfc062723c751e8b465ee728b)  -> (artifact id: '7fc877c30275f9909effb0b17559027c') in 0.039633 seconds 
  Import took 0.045724 seconds .

========================================================================
Received Import Request.
  Time since last request: 0.000258 seconds.
  path: Assets/Scenes/Lighting/LightingData.asset
  artifactKey: Guid(dd8beb22f62bd42f28b7e15e96c749dd) Importer(815301076,1909f56bfc062723c751e8b465ee728b)
Start importing Assets/Scenes/Lighting/LightingData.asset using Guid(dd8beb22f62bd42f28b7e15e96c749dd) Importer(815301076,1909f56bfc062723c751e8b465ee728b)  -> (artifact id: '97070be0f81c9ba41ccee2035e9c11a2') in 0.003871 seconds 
  Import took 0.010058 seconds .

========================================================================
Received Import Request.
  Time since last request: 0.000218 seconds.
  path: Assets/Scenes/Lighting/Lightmap-4_comp_light.exr
  artifactKey: Guid(4c6047767c1a74bb1b0cb2dc474cdbce) Importer(815301076,1909f56bfc062723c751e8b465ee728b)
Start importing Assets/Scenes/Lighting/Lightmap-4_comp_light.exr using Guid(4c6047767c1a74bb1b0cb2dc474cdbce) Importer(815301076,1909f56bfc062723c751e8b465ee728b)  -> (artifact id: 'e54a01971c65dedad7b2ff1273574838') in 0.435541 seconds 
  Import took 0.440930 seconds .

========================================================================
Received Import Request.
  Time since last request: 0.003895 seconds.
  path: Assets/Scenes/Lighting/Lightmap-2_comp_light.exr
  artifactKey: Guid(7931f13568d454c06870b763f09b437c) Importer(815301076,1909f56bfc062723c751e8b465ee728b)
Start importing Assets/Scenes/Lighting/Lightmap-2_comp_light.exr using Guid(7931f13568d454c06870b763f09b437c) Importer(815301076,1909f56bfc062723c751e8b465ee728b)  -> (artifact id: '95523a66eab2dc9a74f897a8b5c29353') in 0.011983 seconds 
  Import took 0.017243 seconds .

========================================================================
Received Import Request.
  Time since last request: 0.000262 seconds.
  path: Assets/Scenes/Lighting/Lightmap-1_comp_dir.png
  artifactKey: Guid(60b296520862d4c98961c12311fc01f9) Importer(815301076,1909f56bfc062723c751e8b465ee728b)
Start importing Assets/Scenes/Lighting/Lightmap-1_comp_dir.png using Guid(60b296520862d4c98961c12311fc01f9) Importer(815301076,1909f56bfc062723c751e8b465ee728b)  -> (artifact id: 'bc4009d89a76e3962be0380947dd2bc3') in 0.010642 seconds 
  Import took 0.016192 seconds .

========================================================================
Received Import Request.
  Time since last request: 0.000234 seconds.
  path: Assets/Scenes/Lighting/Lightmap-4_comp_shadowmask.png
  artifactKey: Guid(c2ed28caf2fe343faa877d71bac01028) Importer(815301076,1909f56bfc062723c751e8b465ee728b)
Start importing Assets/Scenes/Lighting/Lightmap-4_comp_shadowmask.png using Guid(c2ed28caf2fe343faa877d71bac01028) Importer(815301076,1909f56bfc062723c751e8b465ee728b)  -> (artifact id: 'f970265ceb5a226c7bb8905992ae1ae4') in 0.017651 seconds 
  Import took 0.022964 seconds .

========================================================================
Received Import Request.
  Time since last request: 0.000230 seconds.
  path: Assets/Scenes/Lighting/Lightmap-2_comp_dir.png
  artifactKey: Guid(6c0dc99ef6f2341c3ae3100f4507006f) Importer(815301076,1909f56bfc062723c751e8b465ee728b)
Start importing Assets/Scenes/Lighting/Lightmap-2_comp_dir.png using Guid(6c0dc99ef6f2341c3ae3100f4507006f) Importer(815301076,1909f56bfc062723c751e8b465ee728b)  -> (artifact id: '1601c8d02b3457082ae575c7b5cc89da') in 0.011970 seconds 
  Import took 0.017437 seconds .

========================================================================
Received Import Request.
  Time since last request: 0.000322 seconds.
  path: Assets/Scenes/Lighting/Lightmap-4_comp_dir.png
  artifactKey: Guid(5e9638dcb7689455bb82962d8a615260) Importer(815301076,1909f56bfc062723c751e8b465ee728b)
Start importing Assets/Scenes/Lighting/Lightmap-4_comp_dir.png using Guid(5e9638dcb7689455bb82962d8a615260) Importer(815301076,1909f56bfc062723c751e8b465ee728b)  -> (artifact id: 'ab9c2a8107a27c25dd065aeab3003b35') in 0.011266 seconds 
  Import took 0.016919 seconds .

========================================================================
Received Import Request.
  Time since last request: 0.000252 seconds.
  path: Assets/Scenes/Lighting/Lightmap-2_comp_shadowmask.png
  artifactKey: Guid(c6afa53e122d14f1f858f7f8e8ca1875) Importer(815301076,1909f56bfc062723c751e8b465ee728b)
Start importing Assets/Scenes/Lighting/Lightmap-2_comp_shadowmask.png using Guid(c6afa53e122d14f1f858f7f8e8ca1875) Importer(815301076,1909f56bfc062723c751e8b465ee728b)  -> (artifact id: '0df98badb0ec39ffd532e7baa091c678') in 0.015816 seconds 
  Import took 0.021234 seconds .

========================================================================
Received Import Request.
  Time since last request: 0.000223 seconds.
  path: Assets/Scenes/Lighting/Lightmap-0_comp_light.exr
  artifactKey: Guid(accb9631d9828420aac5a5f48f8de7ee) Importer(815301076,1909f56bfc062723c751e8b465ee728b)
Start importing Assets/Scenes/Lighting/Lightmap-0_comp_light.exr using Guid(accb9631d9828420aac5a5f48f8de7ee) Importer(815301076,1909f56bfc062723c751e8b465ee728b)  -> (artifact id: '12e0d1c09635875ac99a7a1c34f1c9f7') in 0.011002 seconds 
  Import took 0.016622 seconds .

========================================================================
Received Import Request.
  Time since last request: 0.000271 seconds.
  path: Assets/Scenes/Lighting/Lightmap-0_comp_shadowmask.png
  artifactKey: Guid(9beb7f74a6a9d4d82abd1dd09a9c3cef) Importer(815301076,1909f56bfc062723c751e8b465ee728b)
Start importing Assets/Scenes/Lighting/Lightmap-0_comp_shadowmask.png using Guid(9beb7f74a6a9d4d82abd1dd09a9c3cef) Importer(815301076,1909f56bfc062723c751e8b465ee728b)  -> (artifact id: '50fdb8d7613d2eb8018ea78a3185d3c1') in 0.016082 seconds 
  Import took 0.021597 seconds .

========================================================================
Received Import Request.
  Time since last request: 0.000220 seconds.
  path: Assets/Scenes/Lighting/Lightmap-3_comp_light.exr
  artifactKey: Guid(83880919424cd4d0189579c3fe24a2ba) Importer(815301076,1909f56bfc062723c751e8b465ee728b)
Start importing Assets/Scenes/Lighting/Lightmap-3_comp_light.exr using Guid(83880919424cd4d0189579c3fe24a2ba) Importer(815301076,1909f56bfc062723c751e8b465ee728b)  -> (artifact id: 'b2a21547138541ac4ad8d46647c18779') in 0.010374 seconds 
  Import took 0.015545 seconds .

========================================================================
Received Import Request.
  Time since last request: 0.000243 seconds.
  path: Assets/Scenes/Lighting/Lightmap-3_comp_shadowmask.png
  artifactKey: Guid(a76bb0ecbfd484da3bace3bf11fec2d9) Importer(815301076,1909f56bfc062723c751e8b465ee728b)
Start importing Assets/Scenes/Lighting/Lightmap-3_comp_shadowmask.png using Guid(a76bb0ecbfd484da3bace3bf11fec2d9) Importer(815301076,1909f56bfc062723c751e8b465ee728b)  -> (artifact id: 'c3605a944a30361f46191737b78dca5b') in 0.015736 seconds 
  Import took 0.021291 seconds .

========================================================================
Received Import Request.
  Time since last request: 0.000252 seconds.
  path: Assets/Scenes/Lighting/Lightmap-1_comp_light.exr
  artifactKey: Guid(d5fc31de59382422d8aa5d3df43e422b) Importer(815301076,1909f56bfc062723c751e8b465ee728b)
Start importing Assets/Scenes/Lighting/Lightmap-1_comp_light.exr using Guid(d5fc31de59382422d8aa5d3df43e422b) Importer(815301076,1909f56bfc062723c751e8b465ee728b)  -> (artifact id: '21aebfdc38f52c3e76237d385bc32d15') in 0.011199 seconds 
  Import took 0.016228 seconds .

========================================================================
Received Import Request.
  Time since last request: 0.000231 seconds.
  path: Assets/Scenes/Lighting/Lightmap-1_comp_shadowmask.png
  artifactKey: Guid(bde84d89b28104dadbca93e0343d7378) Importer(815301076,1909f56bfc062723c751e8b465ee728b)
Start importing Assets/Scenes/Lighting/Lightmap-1_comp_shadowmask.png using Guid(bde84d89b28104dadbca93e0343d7378) Importer(815301076,1909f56bfc062723c751e8b465ee728b)  -> (artifact id: '2517d1ed1d4b02a87f1a71cfd48d2897') in 0.016511 seconds 
  Import took 0.021616 seconds .

========================================================================
Received Import Request.
  Time since last request: 0.000225 seconds.
  path: Assets/Scenes/Lighting/Lightmap-0_comp_dir.png
  artifactKey: Guid(c53fdbb165c88466d9104ac9182a65d9) Importer(815301076,1909f56bfc062723c751e8b465ee728b)
Start importing Assets/Scenes/Lighting/Lightmap-0_comp_dir.png using Guid(c53fdbb165c88466d9104ac9182a65d9) Importer(815301076,1909f56bfc062723c751e8b465ee728b)  -> (artifact id: '468e8d0bbc814895d4c7c3bc12f172fe') in 0.010641 seconds 
  Import took 0.016339 seconds .

========================================================================
Received Import Request.
  Time since last request: 884.047865 seconds.
  path: Assets/Scenes/Lighting/ReflectionProbe-0.exr
  artifactKey: Guid(eeebc7750ce9347b394074a37acdc8f0) Importer(815301076,1909f56bfc062723c751e8b465ee728b)
Start importing Assets/Scenes/Lighting/ReflectionProbe-0.exr using Guid(eeebc7750ce9347b394074a37acdc8f0) Importer(815301076,1909f56bfc062723c751e8b465ee728b)  -> (artifact id: 'bd7050f3c22caee16bf5b69a82bedf0e') in 0.045289 seconds 
  Import took 0.066870 seconds .

========================================================================
Received Import Request.
  Time since last request: 4690.627125 seconds.
  path: Assets/Scenes/Lighting/LightingData.asset
  artifactKey: Guid(dd8beb22f62bd42f28b7e15e96c749dd) Importer(815301076,1909f56bfc062723c751e8b465ee728b)
Start importing Assets/Scenes/Lighting/LightingData.asset using Guid(dd8beb22f62bd42f28b7e15e96c749dd) Importer(815301076,1909f56bfc062723c751e8b465ee728b)  -> (artifact id: '9d52572623a94e3356f0677e0b6d1ef4') in 0.031668 seconds 
  Import took 0.082251 seconds .

========================================================================
Received Import Request.
  Time since last request: 0.000411 seconds.
  path: Assets/Scenes/Lighting/Lightmap-3_comp_dir.png
  artifactKey: Guid(522d6c918f68c4ce89be1b8d9e98b9a3) Importer(815301076,1909f56bfc062723c751e8b465ee728b)
Start importing Assets/Scenes/Lighting/Lightmap-3_comp_dir.png using Guid(522d6c918f68c4ce89be1b8d9e98b9a3) Importer(815301076,1909f56bfc062723c751e8b465ee728b)  -> (artifact id: '51387fb201ec30db2bff036efd5e7fa2') in 0.101369 seconds 
  Import took 0.107255 seconds .

========================================================================
Received Import Request.
  Time since last request: 0.000332 seconds.
  path: Assets/Scenes/Lighting/Lightmap-4_comp_light.exr
  artifactKey: Guid(4c6047767c1a74bb1b0cb2dc474cdbce) Importer(815301076,1909f56bfc062723c751e8b465ee728b)
Start importing Assets/Scenes/Lighting/Lightmap-4_comp_light.exr using Guid(4c6047767c1a74bb1b0cb2dc474cdbce) Importer(815301076,1909f56bfc062723c751e8b465ee728b)  -> (artifact id: '2365ab85aa7a29678c9d40c41979b950') in 0.021591 seconds 
  Import took 0.026335 seconds .

========================================================================
Received Import Request.
  Time since last request: 0.000214 seconds.
  path: Assets/Scenes/Lighting/Lightmap-2_comp_light.exr
  artifactKey: Guid(7931f13568d454c06870b763f09b437c) Importer(815301076,1909f56bfc062723c751e8b465ee728b)
Start importing Assets/Scenes/Lighting/Lightmap-2_comp_light.exr using Guid(7931f13568d454c06870b763f09b437c) Importer(815301076,1909f56bfc062723c751e8b465ee728b)  -> (artifact id: 'e57411e0aa908da8e131d5e787646b42') in 0.017814 seconds 
  Import took 0.023035 seconds .

========================================================================
Received Import Request.
  Time since last request: 0.000259 seconds.
  path: Assets/Scenes/Lighting/Lightmap-1_comp_dir.png
  artifactKey: Guid(60b296520862d4c98961c12311fc01f9) Importer(815301076,1909f56bfc062723c751e8b465ee728b)
Start importing Assets/Scenes/Lighting/Lightmap-1_comp_dir.png using Guid(60b296520862d4c98961c12311fc01f9) Importer(815301076,1909f56bfc062723c751e8b465ee728b)  -> (artifact id: '8961631157c2676bb28e3717c14566fd') in 0.010308 seconds 
  Import took 0.016350 seconds .

========================================================================
Received Import Request.
  Time since last request: 0.000272 seconds.
  path: Assets/Scenes/Lighting/Lightmap-2_comp_dir.png
  artifactKey: Guid(6c0dc99ef6f2341c3ae3100f4507006f) Importer(815301076,1909f56bfc062723c751e8b465ee728b)
Start importing Assets/Scenes/Lighting/Lightmap-2_comp_dir.png using Guid(6c0dc99ef6f2341c3ae3100f4507006f) Importer(815301076,1909f56bfc062723c751e8b465ee728b)  -> (artifact id: 'df64e583dbabb803fa17e86569223f70') in 0.009830 seconds 
  Import took 0.016810 seconds .

========================================================================
Received Import Request.
  Time since last request: 0.000258 seconds.
  path: Assets/Scenes/Lighting/Lightmap-4_comp_dir.png
  artifactKey: Guid(5e9638dcb7689455bb82962d8a615260) Importer(815301076,1909f56bfc062723c751e8b465ee728b)
Start importing Assets/Scenes/Lighting/Lightmap-4_comp_dir.png using Guid(5e9638dcb7689455bb82962d8a615260) Importer(815301076,1909f56bfc062723c751e8b465ee728b)  -> (artifact id: '6a3497d88c66e7bd8e41044467144351') in 0.008845 seconds 
  Import took 0.014513 seconds .

========================================================================
Received Import Request.
  Time since last request: 0.000247 seconds.
  path: Assets/Scenes/Lighting/Lightmap-0_comp_light.exr
  artifactKey: Guid(accb9631d9828420aac5a5f48f8de7ee) Importer(815301076,1909f56bfc062723c751e8b465ee728b)
Start importing Assets/Scenes/Lighting/Lightmap-0_comp_light.exr using Guid(accb9631d9828420aac5a5f48f8de7ee) Importer(815301076,1909f56bfc062723c751e8b465ee728b)  -> (artifact id: 'a0a9c4d0ee041be934bc5cecaeca2ac9') in 0.010227 seconds 
  Import took 0.016708 seconds .

========================================================================
Received Import Request.
  Time since last request: 0.000246 seconds.
  path: Assets/Scenes/Lighting/Lightmap-3_comp_light.exr
  artifactKey: Guid(83880919424cd4d0189579c3fe24a2ba) Importer(815301076,1909f56bfc062723c751e8b465ee728b)
Start importing Assets/Scenes/Lighting/Lightmap-3_comp_light.exr using Guid(83880919424cd4d0189579c3fe24a2ba) Importer(815301076,1909f56bfc062723c751e8b465ee728b)  -> (artifact id: 'e8a2528b532b7c5a5dbaeb05e97cdeef') in 0.009601 seconds 
  Import took 0.015994 seconds .

========================================================================
Received Import Request.
  Time since last request: 0.000329 seconds.
  path: Assets/Scenes/Lighting/Lightmap-1_comp_light.exr
  artifactKey: Guid(d5fc31de59382422d8aa5d3df43e422b) Importer(815301076,1909f56bfc062723c751e8b465ee728b)
Start importing Assets/Scenes/Lighting/Lightmap-1_comp_light.exr using Guid(d5fc31de59382422d8aa5d3df43e422b) Importer(815301076,1909f56bfc062723c751e8b465ee728b)  -> (artifact id: 'c6099ca8a59673fcbe6f4b74daff5c58') in 0.009964 seconds 
  Import took 0.016598 seconds .

========================================================================
Received Import Request.
  Time since last request: 0.000287 seconds.
  path: Assets/Scenes/Lighting/Lightmap-0_comp_dir.png
  artifactKey: Guid(c53fdbb165c88466d9104ac9182a65d9) Importer(815301076,1909f56bfc062723c751e8b465ee728b)
Start importing Assets/Scenes/Lighting/Lightmap-0_comp_dir.png using Guid(c53fdbb165c88466d9104ac9182a65d9) Importer(815301076,1909f56bfc062723c751e8b465ee728b)  -> (artifact id: 'f8ae69ec129ae64caa67fd42a2f613de') in 0.011881 seconds 
  Import took 0.017595 seconds .

